DEBUG 2019-12-03 13:57:52.291 UTC: 	 Running on: Linux ui03.recas.ba.infn.it 3.10.0-862.14.4.el7.x86_64 #1 SMP Wed Sep 26 15:12:11 UTC 2018 x86_64 x86_64 x86_64 GNU/Linux - CentOS Linux 7 (Core)
DEBUG 2019-12-03 13:57:52.308 UTC: 	 OpenSSl version: OpenSSL 1.0.2k-fips  26 Jan 2017 (Library: OpenSSL 1.0.2d-fips 9 Jul 2015)
DEBUG 2019-12-03 13:57:52.308 UTC: 	 Executing command: 'status'
DEBUG 2019-12-03 13:57:52.308 UTC: 	 Found CRAB cache file /lustre/home/venditti/.crab3
ERROR 2019-12-03 13:57:52.309 UTC: 	 Error: crab_projects/crab_SkimTau3Mu_BParking_Run2018A_BPH1_v1/ is not a valid CRAB project directory.
ERROR 2019-12-03 13:57:52.309 UTC: 	 Caught exception
Traceback (most recent call last):
  File "/cvmfs/cms.cern.ch/crab3/slc6_amd64_gcc493/cms/crabclient/3.3.1911.patch1/bin/crab", line 160, in <module>
    client()
  File "/cvmfs/cms.cern.ch/crab3/slc6_amd64_gcc493/cms/crabclient/3.3.1911.patch1/bin/crab", line 145, in __call__
    self.cmd = sub_cmd(self.logger, args[1:])
  File "/cvmfs/cms.cern.ch/crab3/slc6_amd64_gcc493/cms/crabclient/3.3.1911.patch1/lib/python2.7/site-packages/CRABClient/Commands/status.py", line 40, in __init__
    SubCommand.__init__(self, logger, cmdargs)
  File "/cvmfs/cms.cern.ch/crab3/slc6_amd64_gcc493/cms/crabclient/3.3.1911.patch1/lib/python2.7/site-packages/CRABClient/Commands/SubCommand.py", line 277, in __init__
    SubCommand.validateOptions(self)
  File "/cvmfs/cms.cern.ch/crab3/slc6_amd64_gcc493/cms/crabclient/3.3.1911.patch1/lib/python2.7/site-packages/CRABClient/Commands/SubCommand.py", line 595, in validateOptions
    raise ConfigurationException(msg)
ConfigurationException: [91mError[0m: crab_projects/crab_SkimTau3Mu_BParking_Run2018A_BPH1_v1/ is not a valid CRAB project directory.
DEBUG 2019-12-03 13:58:04.871 UTC: 	 Running on: Linux ui03.recas.ba.infn.it 3.10.0-862.14.4.el7.x86_64 #1 SMP Wed Sep 26 15:12:11 UTC 2018 x86_64 x86_64 x86_64 GNU/Linux - CentOS Linux 7 (Core)
DEBUG 2019-12-03 13:58:04.894 UTC: 	 OpenSSl version: OpenSSL 1.0.2k-fips  26 Jan 2017 (Library: OpenSSL 1.0.2d-fips 9 Jul 2015)
DEBUG 2019-12-03 13:58:04.895 UTC: 	 Executing command: 'status'
DEBUG 2019-12-03 13:58:04.895 UTC: 	 Found CRAB cache file /lustre/home/venditti/.crab3
ERROR 2019-12-03 13:58:04.896 UTC: 	 Error: crab_projects/crab_SkimTau3Mu_BParking_Run2018A_BPH1_v4/ is not a valid CRAB project directory.
ERROR 2019-12-03 13:58:04.897 UTC: 	 Caught exception
Traceback (most recent call last):
  File "/cvmfs/cms.cern.ch/crab3/slc6_amd64_gcc493/cms/crabclient/3.3.1911.patch1/bin/crab", line 160, in <module>
    client()
  File "/cvmfs/cms.cern.ch/crab3/slc6_amd64_gcc493/cms/crabclient/3.3.1911.patch1/bin/crab", line 145, in __call__
    self.cmd = sub_cmd(self.logger, args[1:])
  File "/cvmfs/cms.cern.ch/crab3/slc6_amd64_gcc493/cms/crabclient/3.3.1911.patch1/lib/python2.7/site-packages/CRABClient/Commands/status.py", line 40, in __init__
    SubCommand.__init__(self, logger, cmdargs)
  File "/cvmfs/cms.cern.ch/crab3/slc6_amd64_gcc493/cms/crabclient/3.3.1911.patch1/lib/python2.7/site-packages/CRABClient/Commands/SubCommand.py", line 277, in __init__
    SubCommand.validateOptions(self)
  File "/cvmfs/cms.cern.ch/crab3/slc6_amd64_gcc493/cms/crabclient/3.3.1911.patch1/lib/python2.7/site-packages/CRABClient/Commands/SubCommand.py", line 595, in validateOptions
    raise ConfigurationException(msg)
ConfigurationException: [91mError[0m: crab_projects/crab_SkimTau3Mu_BParking_Run2018A_BPH1_v4/ is not a valid CRAB project directory.
DEBUG 2020-04-17 14:55:19.490 UTC: 	 Running on: Linux ui03.recas.ba.infn.it 3.10.0-862.14.4.el7.x86_64 #1 SMP Wed Sep 26 15:12:11 UTC 2018 x86_64 x86_64 x86_64 GNU/Linux - CentOS Linux 7 (Core)
DEBUG 2020-04-17 14:55:19.502 UTC: 	 OpenSSl version: OpenSSL 1.0.2k-fips  26 Jan 2017 (Library: OpenSSL 1.0.2d-fips 9 Jul 2015)
DEBUG 2020-04-17 14:55:19.502 UTC: 	 Executing command: 'submit'
DEBUG 2020-04-17 14:55:19.516 UTC: 	 Found CRAB cache file /lustre/home/venditti/.crab3
DEBUG 2020-04-17 14:55:19.525 UTC: 	 Checking credentials
DEBUG 2020-04-17 14:55:19.525 UTC: 	 Found proxy file /tmp/x509up_u50797
DEBUG 2020-04-17 14:55:19.525 UTC: 	 Getting proxy life time left
DEBUG 2020-04-17 14:55:20.130 UTC: 	 Executing : 
 command : voms-proxy-info -file /tmp/x509up_u50797 -timeleft
 output : 36403

 error: 
 retcode : 0
DEBUG 2020-04-17 14:55:20.834 UTC: 	 Executing : 
 command : voms-proxy-info -file /tmp/x509up_u50797 -actimeleft
 output : 36403

 error: 
 retcode : 0
DEBUG 2020-04-17 14:55:20.834 UTC: 	 Proxy valid for 10:06:43 hours
INFO 2020-04-17 14:55:20.834 UTC: 	 Will use CRAB configuration file crab_T3Mu_BPH2_RunA_cfg.py
DEBUG 2020-04-17 14:55:20.834 UTC: 	 Loading CRAB configuration file.
ERROR 2020-04-17 14:55:20.839 UTC: 	 The 'dryrun' option is not compatible with the 'Automatic' splitting mode (default).
The documentation about the CRAB configuration file can be found in https://twiki.cern.ch/twiki/bin/view/CMSPublic/CRAB3ConfigurationFile
ERROR 2020-04-17 14:55:20.840 UTC: 	 Caught exception
Traceback (most recent call last):
  File "/cvmfs/cms.cern.ch/crab3/slc6_amd64_gcc493/cms/crabclient/3.3.2001/bin/crab", line 160, in <module>
    client()
  File "/cvmfs/cms.cern.ch/crab3/slc6_amd64_gcc493/cms/crabclient/3.3.2001/bin/crab", line 145, in __call__
    self.cmd = sub_cmd(self.logger, args[1:])
  File "/cvmfs/cms.cern.ch/crab3/slc6_amd64_gcc493/cms/crabclient/3.3.2001/lib/python2.7/site-packages/CRABClient/Commands/submit.py", line 35, in __init__
    SubCommand.__init__(self, logger, cmdargs, disable_interspersed_args=True)
  File "/cvmfs/cms.cern.ch/crab3/slc6_amd64_gcc493/cms/crabclient/3.3.2001/lib/python2.7/site-packages/CRABClient/Commands/SubCommand.py", line 320, in __init__
    self.loadConfig(self.options.config, self.args)
  File "/cvmfs/cms.cern.ch/crab3/slc6_amd64_gcc493/cms/crabclient/3.3.2001/lib/python2.7/site-packages/CRABClient/Commands/SubCommand.py", line 93, in loadConfig
    raise ConfigurationException(configmsg)
ConfigurationException: The 'dryrun' option is not compatible with the 'Automatic' splitting mode (default).
The documentation about the CRAB configuration file can be found in https://twiki.cern.ch/twiki/bin/view/CMSPublic/CRAB3ConfigurationFile
DEBUG 2020-04-17 15:00:55.547 UTC: 	 Running on: Linux ui03.recas.ba.infn.it 3.10.0-862.14.4.el7.x86_64 #1 SMP Wed Sep 26 15:12:11 UTC 2018 x86_64 x86_64 x86_64 GNU/Linux - CentOS Linux 7 (Core)
DEBUG 2020-04-17 15:00:55.558 UTC: 	 OpenSSl version: OpenSSL 1.0.2k-fips  26 Jan 2017 (Library: OpenSSL 1.0.2d-fips 9 Jul 2015)
DEBUG 2020-04-17 15:00:55.558 UTC: 	 Executing command: 'submit'
DEBUG 2020-04-17 15:00:55.560 UTC: 	 Found CRAB cache file /lustre/home/venditti/.crab3
DEBUG 2020-04-17 15:00:55.565 UTC: 	 Checking credentials
DEBUG 2020-04-17 15:00:55.565 UTC: 	 Found proxy file /tmp/x509up_u50797
DEBUG 2020-04-17 15:00:55.565 UTC: 	 Getting proxy life time left
DEBUG 2020-04-17 15:00:56.169 UTC: 	 Executing : 
 command : voms-proxy-info -file /tmp/x509up_u50797 -timeleft
 output : 36067

 error: 
 retcode : 0
DEBUG 2020-04-17 15:00:56.773 UTC: 	 Executing : 
 command : voms-proxy-info -file /tmp/x509up_u50797 -actimeleft
 output : 36067

 error: 
 retcode : 0
DEBUG 2020-04-17 15:00:56.773 UTC: 	 Proxy valid for 10:01:07 hours
INFO 2020-04-17 15:00:56.773 UTC: 	 Will use CRAB configuration file crab_T3Mu_BPH3_RunA_cfg.py
DEBUG 2020-04-17 15:00:56.773 UTC: 	 Loading CRAB configuration file.
ERROR 2020-04-17 15:01:01.558 UTC: 	 Error while loading CRAB configuration:
Failed to retrieve username from SiteDB. Your DN does not seem to be registered in SiteDB.
Details follow:
  Executed command: curl -sS --capath /etc/grid-security/certificates --cert /tmp/x509up_u50797 --key /tmp/x509up_u50797 'https://cmsweb.cern.ch/sitedb/data/prod/whoami'
    Stdout:
      <!DOCTYPE html PUBLIC "-//W3C//DTD XHTML 1.1//EN" "http://www.w3.org/TR/xhtml11/DTD/xhtml11.dtd">
      <html xmlns="http://www.w3.org/1999/xhtml" xml:lang="en">
       <head>
       <title>CMSWEB Error: No such site</title>
       <meta http-equiv="Content-Type" content="text/html;charset=utf-8" />
       <link rel="shortcut icon" href="/favicon.ico" type="image/x-icon" />
       <link rel="stylesheet" type="text/css" media="screen" href="/css/cmsweb.css" />
      </head>
      <body>
       <div id="main">
        <div id="top">
         <div class="boxTitle"><img src="/img/title.gif" alt="CMSWEB (title)" /></div>
        </div>
        <div id="middle">
         <div class="boxLinkContainer">
          <h2>No such site</h2>
          <p>The site you requested does not exist. Could we interest you in <a href='/'>anything else</a>?</p>
         </div>
        </div>
        <div id="bottom">
         <div class="boxFooter">&nbsp;</div>
        </div>
       </div>
      </body>
      </html>
      
    Parsed username: 
Note: Make sure you have the correct certificate mapped in SiteDB (you can check what is the certificate you currently have mapped in SiteDB by searching for your name in https://cmsweb.cern.ch/sitedb/prod/people). For instructions on how to map a certificate in SiteDB, see https://twiki.cern.ch/twiki/bin/viewauth/CMS/SiteDBForCRAB.
Please refer to https://twiki.cern.ch/twiki/bin/view/CMSPublic/CRAB3CommonErrors#Syntax_error_in_CRAB_configurati
See the ./crab.log file for more details.
The documentation about the CRAB configuration file can be found in https://twiki.cern.ch/twiki/bin/view/CMSPublic/CRAB3ConfigurationFile
ERROR 2020-04-17 15:01:01.558 UTC: 	 Caught exception
Traceback (most recent call last):
  File "/cvmfs/cms.cern.ch/crab3/slc6_amd64_gcc493/cms/crabclient/3.3.2001/bin/crab", line 160, in <module>
    client()
  File "/cvmfs/cms.cern.ch/crab3/slc6_amd64_gcc493/cms/crabclient/3.3.2001/bin/crab", line 145, in __call__
    self.cmd = sub_cmd(self.logger, args[1:])
  File "/cvmfs/cms.cern.ch/crab3/slc6_amd64_gcc493/cms/crabclient/3.3.2001/lib/python2.7/site-packages/CRABClient/Commands/submit.py", line 35, in __init__
    SubCommand.__init__(self, logger, cmdargs, disable_interspersed_args=True)
  File "/cvmfs/cms.cern.ch/crab3/slc6_amd64_gcc493/cms/crabclient/3.3.2001/lib/python2.7/site-packages/CRABClient/Commands/SubCommand.py", line 320, in __init__
    self.loadConfig(self.options.config, self.args)
  File "/cvmfs/cms.cern.ch/crab3/slc6_amd64_gcc493/cms/crabclient/3.3.2001/lib/python2.7/site-packages/CRABClient/Commands/SubCommand.py", line 88, in loadConfig
    raise ConfigurationException(configmsg)
ConfigurationException: Error while loading CRAB configuration:
Failed to retrieve username from SiteDB. Your DN does not seem to be registered in SiteDB.
Details follow:
  Executed command: curl -sS --capath /etc/grid-security/certificates --cert /tmp/x509up_u50797 --key /tmp/x509up_u50797 'https://cmsweb.cern.ch/sitedb/data/prod/whoami'
    Stdout:
      <!DOCTYPE html PUBLIC "-//W3C//DTD XHTML 1.1//EN" "http://www.w3.org/TR/xhtml11/DTD/xhtml11.dtd">
      <html xmlns="http://www.w3.org/1999/xhtml" xml:lang="en">
       <head>
       <title>CMSWEB Error: No such site</title>
       <meta http-equiv="Content-Type" content="text/html;charset=utf-8" />
       <link rel="shortcut icon" href="/favicon.ico" type="image/x-icon" />
       <link rel="stylesheet" type="text/css" media="screen" href="/css/cmsweb.css" />
      </head>
      <body>
       <div id="main">
        <div id="top">
         <div class="boxTitle"><img src="/img/title.gif" alt="CMSWEB (title)" /></div>
        </div>
        <div id="middle">
         <div class="boxLinkContainer">
          <h2>No such site</h2>
          <p>The site you requested does not exist. Could we interest you in <a href='/'>anything else</a>?</p>
         </div>
        </div>
        <div id="bottom">
         <div class="boxFooter">&nbsp;</div>
        </div>
       </div>
      </body>
      </html>
      
    Parsed username: 
[1mNote[0m: Make sure you have the correct certificate mapped in SiteDB (you can check what is the certificate you currently have mapped in SiteDB by searching for your name in https://cmsweb.cern.ch/sitedb/prod/people). For instructions on how to map a certificate in SiteDB, see https://twiki.cern.ch/twiki/bin/viewauth/CMS/SiteDBForCRAB.
Please refer to https://twiki.cern.ch/twiki/bin/view/CMSPublic/CRAB3CommonErrors#Syntax_error_in_CRAB_configurati
See the ./crab.log file for more details.
The documentation about the CRAB configuration file can be found in https://twiki.cern.ch/twiki/bin/view/CMSPublic/CRAB3ConfigurationFile
DEBUG 2020-04-21 13:46:26.296 UTC: 	 Running on: Linux ui02.recas.ba.infn.it 3.10.0-862.14.4.el7.x86_64 #1 SMP Wed Sep 26 15:12:11 UTC 2018 x86_64 x86_64 x86_64 GNU/Linux - CentOS Linux 7 (Core)
DEBUG 2020-04-21 13:46:26.307 UTC: 	 OpenSSl version: OpenSSL 1.0.2k-fips  26 Jan 2017 (Library: OpenSSL 1.0.2d-fips 9 Jul 2015)
DEBUG 2020-04-21 13:46:26.308 UTC: 	 Executing command: 'preparelocal'
DEBUG 2020-04-21 13:46:26.308 UTC: 	 Found CRAB cache file /lustre/home/venditti/.crab3
ERROR 2020-04-21 13:46:26.309 UTC: 	 Error: 'crab preparelocal' command accepts at most 1 argument (a path to a CRAB project directory), 2 given.
ERROR 2020-04-21 13:46:26.309 UTC: 	 Caught exception
Traceback (most recent call last):
  File "/cvmfs/cms.cern.ch/crab3/slc6_amd64_gcc493/cms/crabclient/3.3.2001/bin/crab", line 160, in <module>
    client()
  File "/cvmfs/cms.cern.ch/crab3/slc6_amd64_gcc493/cms/crabclient/3.3.2001/bin/crab", line 145, in __call__
    self.cmd = sub_cmd(self.logger, args[1:])
  File "/cvmfs/cms.cern.ch/crab3/slc6_amd64_gcc493/cms/crabclient/3.3.2001/lib/python2.7/site-packages/CRABClient/Commands/preparelocal.py", line 25, in __init__
    SubCommand.__init__(self, logger, cmdargs)
  File "/cvmfs/cms.cern.ch/crab3/slc6_amd64_gcc493/cms/crabclient/3.3.2001/lib/python2.7/site-packages/CRABClient/Commands/SubCommand.py", line 277, in __init__
    SubCommand.validateOptions(self)
  File "/cvmfs/cms.cern.ch/crab3/slc6_amd64_gcc493/cms/crabclient/3.3.2001/lib/python2.7/site-packages/CRABClient/Commands/SubCommand.py", line 581, in validateOptions
    raise ConfigurationException(msg)
ConfigurationException: [91mError[0m: 'crab preparelocal' command accepts at most 1 argument (a path to a CRAB project directory), 2 given.
DEBUG 2020-04-21 13:46:30.331 UTC: 	 Running on: Linux ui02.recas.ba.infn.it 3.10.0-862.14.4.el7.x86_64 #1 SMP Wed Sep 26 15:12:11 UTC 2018 x86_64 x86_64 x86_64 GNU/Linux - CentOS Linux 7 (Core)
DEBUG 2020-04-21 13:46:30.342 UTC: 	 OpenSSl version: OpenSSL 1.0.2k-fips  26 Jan 2017 (Library: OpenSSL 1.0.2d-fips 9 Jul 2015)
DEBUG 2020-04-21 13:46:30.342 UTC: 	 Executing command: 'preparelocal'
DEBUG 2020-04-21 13:46:30.342 UTC: 	 Found CRAB cache file /lustre/home/venditti/.crab3
ERROR 2020-04-21 13:46:30.343 UTC: 	 Error: 'crab preparelocal' command accepts at most 1 argument (a path to a CRAB project directory), 2 given.
ERROR 2020-04-21 13:46:30.343 UTC: 	 Caught exception
Traceback (most recent call last):
  File "/cvmfs/cms.cern.ch/crab3/slc6_amd64_gcc493/cms/crabclient/3.3.2001/bin/crab", line 160, in <module>
    client()
  File "/cvmfs/cms.cern.ch/crab3/slc6_amd64_gcc493/cms/crabclient/3.3.2001/bin/crab", line 145, in __call__
    self.cmd = sub_cmd(self.logger, args[1:])
  File "/cvmfs/cms.cern.ch/crab3/slc6_amd64_gcc493/cms/crabclient/3.3.2001/lib/python2.7/site-packages/CRABClient/Commands/preparelocal.py", line 25, in __init__
    SubCommand.__init__(self, logger, cmdargs)
  File "/cvmfs/cms.cern.ch/crab3/slc6_amd64_gcc493/cms/crabclient/3.3.2001/lib/python2.7/site-packages/CRABClient/Commands/SubCommand.py", line 277, in __init__
    SubCommand.validateOptions(self)
  File "/cvmfs/cms.cern.ch/crab3/slc6_amd64_gcc493/cms/crabclient/3.3.2001/lib/python2.7/site-packages/CRABClient/Commands/SubCommand.py", line 581, in validateOptions
    raise ConfigurationException(msg)
ConfigurationException: [91mError[0m: 'crab preparelocal' command accepts at most 1 argument (a path to a CRAB project directory), 2 given.
DEBUG 2020-04-21 13:46:35.392 UTC: 	 Running on: Linux ui02.recas.ba.infn.it 3.10.0-862.14.4.el7.x86_64 #1 SMP Wed Sep 26 15:12:11 UTC 2018 x86_64 x86_64 x86_64 GNU/Linux - CentOS Linux 7 (Core)
DEBUG 2020-04-21 13:46:35.405 UTC: 	 OpenSSl version: OpenSSL 1.0.2k-fips  26 Jan 2017 (Library: OpenSSL 1.0.2d-fips 9 Jul 2015)
DEBUG 2020-04-21 13:46:35.405 UTC: 	 Executing command: 'preparelocal'
DEBUG 2020-04-21 13:46:35.405 UTC: 	 Found CRAB cache file /lustre/home/venditti/.crab3
ERROR 2020-04-21 13:46:35.406 UTC: 	 Error: 'crab preparelocal' command accepts at most 1 argument (a path to a CRAB project directory), 3 given.
ERROR 2020-04-21 13:46:35.406 UTC: 	 Caught exception
Traceback (most recent call last):
  File "/cvmfs/cms.cern.ch/crab3/slc6_amd64_gcc493/cms/crabclient/3.3.2001/bin/crab", line 160, in <module>
    client()
  File "/cvmfs/cms.cern.ch/crab3/slc6_amd64_gcc493/cms/crabclient/3.3.2001/bin/crab", line 145, in __call__
    self.cmd = sub_cmd(self.logger, args[1:])
  File "/cvmfs/cms.cern.ch/crab3/slc6_amd64_gcc493/cms/crabclient/3.3.2001/lib/python2.7/site-packages/CRABClient/Commands/preparelocal.py", line 25, in __init__
    SubCommand.__init__(self, logger, cmdargs)
  File "/cvmfs/cms.cern.ch/crab3/slc6_amd64_gcc493/cms/crabclient/3.3.2001/lib/python2.7/site-packages/CRABClient/Commands/SubCommand.py", line 277, in __init__
    SubCommand.validateOptions(self)
  File "/cvmfs/cms.cern.ch/crab3/slc6_amd64_gcc493/cms/crabclient/3.3.2001/lib/python2.7/site-packages/CRABClient/Commands/SubCommand.py", line 581, in validateOptions
    raise ConfigurationException(msg)
ConfigurationException: [91mError[0m: 'crab preparelocal' command accepts at most 1 argument (a path to a CRAB project directory), 3 given.
DEBUG 2020-04-21 18:17:13.979 UTC: 	 Running on: Linux ui03.recas.ba.infn.it 3.10.0-862.14.4.el7.x86_64 #1 SMP Wed Sep 26 15:12:11 UTC 2018 x86_64 x86_64 x86_64 GNU/Linux - CentOS Linux 7 (Core)
DEBUG 2020-04-21 18:17:14.020 UTC: 	 OpenSSl version: OpenSSL 1.0.2k-fips  26 Jan 2017 (Library: OpenSSL 1.0.2d-fips 9 Jul 2015)
DEBUG 2020-04-21 18:17:14.020 UTC: 	 Executing command: 'submit'
DEBUG 2020-04-21 18:17:14.023 UTC: 	 Found CRAB cache file /lustre/home/venditti/.crab3
DEBUG 2020-04-21 18:17:14.054 UTC: 	 Checking credentials
DEBUG 2020-04-21 18:17:14.054 UTC: 	 Found proxy file /tmp/x509up_u50797
DEBUG 2020-04-21 18:17:14.054 UTC: 	 Getting proxy life time left
DEBUG 2020-04-21 18:17:16.375 UTC: 	 Executing : 
 command : voms-proxy-info -file /tmp/x509up_u50797 -timeleft
 output : 41839

 error: 
 retcode : 0
DEBUG 2020-04-21 18:17:18.597 UTC: 	 Executing : 
 command : voms-proxy-info -file /tmp/x509up_u50797 -actimeleft
 output : 41836

 error: 
 retcode : 0
DEBUG 2020-04-21 18:17:18.597 UTC: 	 Proxy lifetime 41839 secs is different from voms extension lifetime 41836 secs for proxy: /tmp/x509up_u50797
DEBUG 2020-04-21 18:17:18.597 UTC: 	 Proxy valid for 11:37:16 hours
INFO 2020-04-21 18:17:18.598 UTC: 	 Will use CRAB configuration file crab_T3Mu_BPH5_RunA_cfg.py
DEBUG 2020-04-21 18:17:18.598 UTC: 	 Loading CRAB configuration file.
ERROR 2020-04-21 18:17:36.620 UTC: 	 Error while loading CRAB configuration:
Failed to retrieve username from SiteDB. Your DN does not seem to be registered in SiteDB.
Details follow:
  Executed command: curl -sS --capath /etc/grid-security/certificates --cert /tmp/x509up_u50797 --key /tmp/x509up_u50797 'https://cmsweb.cern.ch/sitedb/data/prod/whoami'
    Stdout:
      <!DOCTYPE html PUBLIC "-//W3C//DTD XHTML 1.1//EN" "http://www.w3.org/TR/xhtml11/DTD/xhtml11.dtd">
      <html xmlns="http://www.w3.org/1999/xhtml" xml:lang="en">
       <head>
       <title>CMSWEB Error: No such site</title>
       <meta http-equiv="Content-Type" content="text/html;charset=utf-8" />
       <link rel="shortcut icon" href="/favicon.ico" type="image/x-icon" />
       <link rel="stylesheet" type="text/css" media="screen" href="/css/cmsweb.css" />
      </head>
      <body>
       <div id="main">
        <div id="top">
         <div class="boxTitle"><img src="/img/title.gif" alt="CMSWEB (title)" /></div>
        </div>
        <div id="middle">
         <div class="boxLinkContainer">
          <h2>No such site</h2>
          <p>The site you requested does not exist. Could we interest you in <a href='/'>anything else</a>?</p>
         </div>
        </div>
        <div id="bottom">
         <div class="boxFooter">&nbsp;</div>
        </div>
       </div>
      </body>
      </html>
      
    Parsed username: 
Note: Make sure you have the correct certificate mapped in SiteDB (you can check what is the certificate you currently have mapped in SiteDB by searching for your name in https://cmsweb.cern.ch/sitedb/prod/people). For instructions on how to map a certificate in SiteDB, see https://twiki.cern.ch/twiki/bin/viewauth/CMS/SiteDBForCRAB.
Please refer to https://twiki.cern.ch/twiki/bin/view/CMSPublic/CRAB3CommonErrors#Syntax_error_in_CRAB_configurati
See the ./crab.log file for more details.
The documentation about the CRAB configuration file can be found in https://twiki.cern.ch/twiki/bin/view/CMSPublic/CRAB3ConfigurationFile
ERROR 2020-04-21 18:17:36.620 UTC: 	 Caught exception
Traceback (most recent call last):
  File "/cvmfs/cms.cern.ch/crab3/slc6_amd64_gcc493/cms/crabclient/3.3.2001/bin/crab", line 160, in <module>
    client()
  File "/cvmfs/cms.cern.ch/crab3/slc6_amd64_gcc493/cms/crabclient/3.3.2001/bin/crab", line 145, in __call__
    self.cmd = sub_cmd(self.logger, args[1:])
  File "/cvmfs/cms.cern.ch/crab3/slc6_amd64_gcc493/cms/crabclient/3.3.2001/lib/python2.7/site-packages/CRABClient/Commands/submit.py", line 35, in __init__
    SubCommand.__init__(self, logger, cmdargs, disable_interspersed_args=True)
  File "/cvmfs/cms.cern.ch/crab3/slc6_amd64_gcc493/cms/crabclient/3.3.2001/lib/python2.7/site-packages/CRABClient/Commands/SubCommand.py", line 320, in __init__
    self.loadConfig(self.options.config, self.args)
  File "/cvmfs/cms.cern.ch/crab3/slc6_amd64_gcc493/cms/crabclient/3.3.2001/lib/python2.7/site-packages/CRABClient/Commands/SubCommand.py", line 88, in loadConfig
    raise ConfigurationException(configmsg)
ConfigurationException: Error while loading CRAB configuration:
Failed to retrieve username from SiteDB. Your DN does not seem to be registered in SiteDB.
Details follow:
  Executed command: curl -sS --capath /etc/grid-security/certificates --cert /tmp/x509up_u50797 --key /tmp/x509up_u50797 'https://cmsweb.cern.ch/sitedb/data/prod/whoami'
    Stdout:
      <!DOCTYPE html PUBLIC "-//W3C//DTD XHTML 1.1//EN" "http://www.w3.org/TR/xhtml11/DTD/xhtml11.dtd">
      <html xmlns="http://www.w3.org/1999/xhtml" xml:lang="en">
       <head>
       <title>CMSWEB Error: No such site</title>
       <meta http-equiv="Content-Type" content="text/html;charset=utf-8" />
       <link rel="shortcut icon" href="/favicon.ico" type="image/x-icon" />
       <link rel="stylesheet" type="text/css" media="screen" href="/css/cmsweb.css" />
      </head>
      <body>
       <div id="main">
        <div id="top">
         <div class="boxTitle"><img src="/img/title.gif" alt="CMSWEB (title)" /></div>
        </div>
        <div id="middle">
         <div class="boxLinkContainer">
          <h2>No such site</h2>
          <p>The site you requested does not exist. Could we interest you in <a href='/'>anything else</a>?</p>
         </div>
        </div>
        <div id="bottom">
         <div class="boxFooter">&nbsp;</div>
        </div>
       </div>
      </body>
      </html>
      
    Parsed username: 
[1mNote[0m: Make sure you have the correct certificate mapped in SiteDB (you can check what is the certificate you currently have mapped in SiteDB by searching for your name in https://cmsweb.cern.ch/sitedb/prod/people). For instructions on how to map a certificate in SiteDB, see https://twiki.cern.ch/twiki/bin/viewauth/CMS/SiteDBForCRAB.
Please refer to https://twiki.cern.ch/twiki/bin/view/CMSPublic/CRAB3CommonErrors#Syntax_error_in_CRAB_configurati
See the ./crab.log file for more details.
The documentation about the CRAB configuration file can be found in https://twiki.cern.ch/twiki/bin/view/CMSPublic/CRAB3ConfigurationFile
DEBUG 2020-04-21 18:20:54.020 UTC: 	 Running on: Linux ui03.recas.ba.infn.it 3.10.0-862.14.4.el7.x86_64 #1 SMP Wed Sep 26 15:12:11 UTC 2018 x86_64 x86_64 x86_64 GNU/Linux - CentOS Linux 7 (Core)
DEBUG 2020-04-21 18:20:54.057 UTC: 	 OpenSSl version: OpenSSL 1.0.2k-fips  26 Jan 2017 (Library: OpenSSL 1.0.2d-fips 9 Jul 2015)
DEBUG 2020-04-21 18:20:54.058 UTC: 	 Executing command: 'submit'
DEBUG 2020-04-21 18:20:54.059 UTC: 	 Found CRAB cache file /lustre/home/venditti/.crab3
DEBUG 2020-04-21 18:20:54.095 UTC: 	 Checking credentials
DEBUG 2020-04-21 18:20:54.096 UTC: 	 Found proxy file /tmp/x509up_u50797
DEBUG 2020-04-21 18:20:54.096 UTC: 	 Getting proxy life time left
DEBUG 2020-04-21 18:20:56.217 UTC: 	 Executing : 
 command : voms-proxy-info -file /tmp/x509up_u50797 -timeleft
 output : 41619

 error: 
 retcode : 0
DEBUG 2020-04-21 18:20:58.440 UTC: 	 Executing : 
 command : voms-proxy-info -file /tmp/x509up_u50797 -actimeleft
 output : 41616

 error: 
 retcode : 0
DEBUG 2020-04-21 18:20:58.440 UTC: 	 Proxy lifetime 41619 secs is different from voms extension lifetime 41616 secs for proxy: /tmp/x509up_u50797
DEBUG 2020-04-21 18:20:58.440 UTC: 	 Proxy valid for 11:33:36 hours
INFO 2020-04-21 18:20:58.441 UTC: 	 Will use CRAB configuration file crab_T3Mu_BPH6_RunA_cfg.py
DEBUG 2020-04-21 18:20:58.442 UTC: 	 Loading CRAB configuration file.
ERROR 2020-04-21 18:21:15.689 UTC: 	 Error while loading CRAB configuration:
Failed to retrieve username from SiteDB. Your DN does not seem to be registered in SiteDB.
Details follow:
  Executed command: curl -sS --capath /etc/grid-security/certificates --cert /tmp/x509up_u50797 --key /tmp/x509up_u50797 'https://cmsweb.cern.ch/sitedb/data/prod/whoami'
    Stdout:
      <!DOCTYPE html PUBLIC "-//W3C//DTD XHTML 1.1//EN" "http://www.w3.org/TR/xhtml11/DTD/xhtml11.dtd">
      <html xmlns="http://www.w3.org/1999/xhtml" xml:lang="en">
       <head>
       <title>CMSWEB Error: No such site</title>
       <meta http-equiv="Content-Type" content="text/html;charset=utf-8" />
       <link rel="shortcut icon" href="/favicon.ico" type="image/x-icon" />
       <link rel="stylesheet" type="text/css" media="screen" href="/css/cmsweb.css" />
      </head>
      <body>
       <div id="main">
        <div id="top">
         <div class="boxTitle"><img src="/img/title.gif" alt="CMSWEB (title)" /></div>
        </div>
        <div id="middle">
         <div class="boxLinkContainer">
          <h2>No such site</h2>
          <p>The site you requested does not exist. Could we interest you in <a href='/'>anything else</a>?</p>
         </div>
        </div>
        <div id="bottom">
         <div class="boxFooter">&nbsp;</div>
        </div>
       </div>
      </body>
      </html>
      
    Parsed username: 
Note: Make sure you have the correct certificate mapped in SiteDB (you can check what is the certificate you currently have mapped in SiteDB by searching for your name in https://cmsweb.cern.ch/sitedb/prod/people). For instructions on how to map a certificate in SiteDB, see https://twiki.cern.ch/twiki/bin/viewauth/CMS/SiteDBForCRAB.
Please refer to https://twiki.cern.ch/twiki/bin/view/CMSPublic/CRAB3CommonErrors#Syntax_error_in_CRAB_configurati
See the ./crab.log file for more details.
The documentation about the CRAB configuration file can be found in https://twiki.cern.ch/twiki/bin/view/CMSPublic/CRAB3ConfigurationFile
ERROR 2020-04-21 18:21:15.690 UTC: 	 Caught exception
Traceback (most recent call last):
  File "/cvmfs/cms.cern.ch/crab3/slc6_amd64_gcc493/cms/crabclient/3.3.2001/bin/crab", line 160, in <module>
    client()
  File "/cvmfs/cms.cern.ch/crab3/slc6_amd64_gcc493/cms/crabclient/3.3.2001/bin/crab", line 145, in __call__
    self.cmd = sub_cmd(self.logger, args[1:])
  File "/cvmfs/cms.cern.ch/crab3/slc6_amd64_gcc493/cms/crabclient/3.3.2001/lib/python2.7/site-packages/CRABClient/Commands/submit.py", line 35, in __init__
    SubCommand.__init__(self, logger, cmdargs, disable_interspersed_args=True)
  File "/cvmfs/cms.cern.ch/crab3/slc6_amd64_gcc493/cms/crabclient/3.3.2001/lib/python2.7/site-packages/CRABClient/Commands/SubCommand.py", line 320, in __init__
    self.loadConfig(self.options.config, self.args)
  File "/cvmfs/cms.cern.ch/crab3/slc6_amd64_gcc493/cms/crabclient/3.3.2001/lib/python2.7/site-packages/CRABClient/Commands/SubCommand.py", line 88, in loadConfig
    raise ConfigurationException(configmsg)
ConfigurationException: Error while loading CRAB configuration:
Failed to retrieve username from SiteDB. Your DN does not seem to be registered in SiteDB.
Details follow:
  Executed command: curl -sS --capath /etc/grid-security/certificates --cert /tmp/x509up_u50797 --key /tmp/x509up_u50797 'https://cmsweb.cern.ch/sitedb/data/prod/whoami'
    Stdout:
      <!DOCTYPE html PUBLIC "-//W3C//DTD XHTML 1.1//EN" "http://www.w3.org/TR/xhtml11/DTD/xhtml11.dtd">
      <html xmlns="http://www.w3.org/1999/xhtml" xml:lang="en">
       <head>
       <title>CMSWEB Error: No such site</title>
       <meta http-equiv="Content-Type" content="text/html;charset=utf-8" />
       <link rel="shortcut icon" href="/favicon.ico" type="image/x-icon" />
       <link rel="stylesheet" type="text/css" media="screen" href="/css/cmsweb.css" />
      </head>
      <body>
       <div id="main">
        <div id="top">
         <div class="boxTitle"><img src="/img/title.gif" alt="CMSWEB (title)" /></div>
        </div>
        <div id="middle">
         <div class="boxLinkContainer">
          <h2>No such site</h2>
          <p>The site you requested does not exist. Could we interest you in <a href='/'>anything else</a>?</p>
         </div>
        </div>
        <div id="bottom">
         <div class="boxFooter">&nbsp;</div>
        </div>
       </div>
      </body>
      </html>
      
    Parsed username: 
[1mNote[0m: Make sure you have the correct certificate mapped in SiteDB (you can check what is the certificate you currently have mapped in SiteDB by searching for your name in https://cmsweb.cern.ch/sitedb/prod/people). For instructions on how to map a certificate in SiteDB, see https://twiki.cern.ch/twiki/bin/viewauth/CMS/SiteDBForCRAB.
Please refer to https://twiki.cern.ch/twiki/bin/view/CMSPublic/CRAB3CommonErrors#Syntax_error_in_CRAB_configurati
See the ./crab.log file for more details.
The documentation about the CRAB configuration file can be found in https://twiki.cern.ch/twiki/bin/view/CMSPublic/CRAB3ConfigurationFile
DEBUG 2020-04-22 07:38:31.095 UTC: 	 Running on: Linux ui03.recas.ba.infn.it 3.10.0-862.14.4.el7.x86_64 #1 SMP Wed Sep 26 15:12:11 UTC 2018 x86_64 x86_64 x86_64 GNU/Linux - CentOS Linux 7 (Core)
DEBUG 2020-04-22 07:38:31.106 UTC: 	 OpenSSl version: OpenSSL 1.0.2k-fips  26 Jan 2017 (Library: OpenSSL 1.0.2d-fips 9 Jul 2015)
DEBUG 2020-04-22 07:38:31.106 UTC: 	 Executing command: 'status'
DEBUG 2020-04-22 07:38:31.107 UTC: 	 Found CRAB cache file /lustre/home/venditti/.crab3
ERROR 2020-04-22 07:38:31.107 UTC: 	 Error: crab_projects/crab_SkimTau3Mu_BParking_Run2018A_BPH1_Mini_v2/ is not a valid CRAB project directory.
ERROR 2020-04-22 07:38:31.107 UTC: 	 Caught exception
Traceback (most recent call last):
  File "/cvmfs/cms.cern.ch/crab3/slc6_amd64_gcc493/cms/crabclient/3.3.2001/bin/crab", line 160, in <module>
    client()
  File "/cvmfs/cms.cern.ch/crab3/slc6_amd64_gcc493/cms/crabclient/3.3.2001/bin/crab", line 145, in __call__
    self.cmd = sub_cmd(self.logger, args[1:])
  File "/cvmfs/cms.cern.ch/crab3/slc6_amd64_gcc493/cms/crabclient/3.3.2001/lib/python2.7/site-packages/CRABClient/Commands/status.py", line 40, in __init__
    SubCommand.__init__(self, logger, cmdargs)
  File "/cvmfs/cms.cern.ch/crab3/slc6_amd64_gcc493/cms/crabclient/3.3.2001/lib/python2.7/site-packages/CRABClient/Commands/SubCommand.py", line 277, in __init__
    SubCommand.validateOptions(self)
  File "/cvmfs/cms.cern.ch/crab3/slc6_amd64_gcc493/cms/crabclient/3.3.2001/lib/python2.7/site-packages/CRABClient/Commands/SubCommand.py", line 595, in validateOptions
    raise ConfigurationException(msg)
ConfigurationException: [91mError[0m: crab_projects/crab_SkimTau3Mu_BParking_Run2018A_BPH1_Mini_v2/ is not a valid CRAB project directory.
DEBUG 2020-04-28 10:32:22.457 UTC: 	 Running on: Linux ui02.recas.ba.infn.it 3.10.0-862.14.4.el7.x86_64 #1 SMP Wed Sep 26 15:12:11 UTC 2018 x86_64 x86_64 x86_64 GNU/Linux - CentOS Linux 7 (Core)
DEBUG 2020-04-28 10:32:22.468 UTC: 	 OpenSSl version: OpenSSL 1.0.2k-fips  26 Jan 2017 (Library: OpenSSL 1.0.2d-fips 9 Jul 2015)
DEBUG 2020-04-28 10:32:22.468 UTC: 	 Executing command: 'submit'
DEBUG 2020-04-28 10:32:22.494 UTC: 	 Found CRAB cache file /lustre/home/venditti/.crab3
DEBUG 2020-04-28 10:32:22.500 UTC: 	 Checking credentials
DEBUG 2020-04-28 10:32:22.500 UTC: 	 Found proxy file /tmp/x509up_u50797
DEBUG 2020-04-28 10:32:22.500 UTC: 	 Getting proxy life time left
DEBUG 2020-04-28 10:32:23.103 UTC: 	 Executing : 
 command : voms-proxy-info -file /tmp/x509up_u50797 -timeleft
 output : 42464

 error: 
 retcode : 0
DEBUG 2020-04-28 10:32:24.309 UTC: 	 Executing : 
 command : voms-proxy-info -file /tmp/x509up_u50797 -actimeleft
 output : 42463

 error: 
 retcode : 0
DEBUG 2020-04-28 10:32:24.309 UTC: 	 Proxy lifetime 42464 secs is different from voms extension lifetime 42463 secs for proxy: /tmp/x509up_u50797
DEBUG 2020-04-28 10:32:24.309 UTC: 	 Proxy valid for 11:47:43 hours
ERROR 2020-04-28 10:32:24.310 UTC: 	 CRAB configuration file ccrab_T3Mu_BPH1_RunA_cfg.py not found.
ERROR 2020-04-28 10:32:24.310 UTC: 	 Caught exception
Traceback (most recent call last):
  File "/cvmfs/cms.cern.ch/crab3/slc6_amd64_gcc493/cms/crabclient/3.3.2001/bin/crab", line 160, in <module>
    client()
  File "/cvmfs/cms.cern.ch/crab3/slc6_amd64_gcc493/cms/crabclient/3.3.2001/bin/crab", line 145, in __call__
    self.cmd = sub_cmd(self.logger, args[1:])
  File "/cvmfs/cms.cern.ch/crab3/slc6_amd64_gcc493/cms/crabclient/3.3.2001/lib/python2.7/site-packages/CRABClient/Commands/submit.py", line 35, in __init__
    SubCommand.__init__(self, logger, cmdargs, disable_interspersed_args=True)
  File "/cvmfs/cms.cern.ch/crab3/slc6_amd64_gcc493/cms/crabclient/3.3.2001/lib/python2.7/site-packages/CRABClient/Commands/SubCommand.py", line 320, in __init__
    self.loadConfig(self.options.config, self.args)
  File "/cvmfs/cms.cern.ch/crab3/slc6_amd64_gcc493/cms/crabclient/3.3.2001/lib/python2.7/site-packages/CRABClient/Commands/SubCommand.py", line 50, in loadConfig
    raise ConfigurationException("CRAB configuration file %s not found." % (configname))
ConfigurationException: CRAB configuration file ccrab_T3Mu_BPH1_RunA_cfg.py not found.
DEBUG 2020-04-29 14:06:55.197 UTC: 	 Running on: Linux ui02.recas.ba.infn.it 3.10.0-862.14.4.el7.x86_64 #1 SMP Wed Sep 26 15:12:11 UTC 2018 x86_64 x86_64 x86_64 GNU/Linux - CentOS Linux 7 (Core)
DEBUG 2020-04-29 14:06:55.209 UTC: 	 OpenSSl version: OpenSSL 1.0.2k-fips  26 Jan 2017 (Library: OpenSSL 1.0.2d-fips 9 Jul 2015)
DEBUG 2020-04-29 14:06:55.209 UTC: 	 Executing command: 'status'
DEBUG 2020-04-29 14:06:55.209 UTC: 	 Found CRAB cache file /lustre/home/venditti/.crab3
ERROR 2020-04-29 14:06:55.210 UTC: 	 Error: crab_projects/crab_SkimTau3Mu_BParking_Run2018A_BPH4_Mini_v3/Ã is not a valid CRAB project directory.
ERROR 2020-04-29 14:06:55.210 UTC: 	 Caught exception
Traceback (most recent call last):
  File "/cvmfs/cms.cern.ch/crab3/slc6_amd64_gcc493/cms/crabclient/3.3.2001/bin/crab", line 160, in <module>
    client()
  File "/cvmfs/cms.cern.ch/crab3/slc6_amd64_gcc493/cms/crabclient/3.3.2001/bin/crab", line 145, in __call__
    self.cmd = sub_cmd(self.logger, args[1:])
  File "/cvmfs/cms.cern.ch/crab3/slc6_amd64_gcc493/cms/crabclient/3.3.2001/lib/python2.7/site-packages/CRABClient/Commands/status.py", line 40, in __init__
    SubCommand.__init__(self, logger, cmdargs)
  File "/cvmfs/cms.cern.ch/crab3/slc6_amd64_gcc493/cms/crabclient/3.3.2001/lib/python2.7/site-packages/CRABClient/Commands/SubCommand.py", line 277, in __init__
    SubCommand.validateOptions(self)
  File "/cvmfs/cms.cern.ch/crab3/slc6_amd64_gcc493/cms/crabclient/3.3.2001/lib/python2.7/site-packages/CRABClient/Commands/SubCommand.py", line 595, in validateOptions
    raise ConfigurationException(msg)
ConfigurationException: [91mError[0m: crab_projects/crab_SkimTau3Mu_BParking_Run2018A_BPH4_Mini_v3/Ã is not a valid CRAB project directory.
DEBUG 2020-04-29 14:11:03.165 UTC: 	 Running on: Linux ui02.recas.ba.infn.it 3.10.0-862.14.4.el7.x86_64 #1 SMP Wed Sep 26 15:12:11 UTC 2018 x86_64 x86_64 x86_64 GNU/Linux - CentOS Linux 7 (Core)
DEBUG 2020-04-29 14:11:03.176 UTC: 	 OpenSSl version: OpenSSL 1.0.2k-fips  26 Jan 2017 (Library: OpenSSL 1.0.2d-fips 9 Jul 2015)
DEBUG 2020-04-29 14:11:03.177 UTC: 	 Executing command: 'status'
DEBUG 2020-04-29 14:11:03.178 UTC: 	 Found CRAB cache file /lustre/home/venditti/.crab3
ERROR 2020-04-29 14:11:03.180 UTC: 	 Error: crab_projects/crab_SkimTau3Mu_BParking_Run2018A_BPH4_Mini_v3/Ã is not a valid CRAB project directory.
ERROR 2020-04-29 14:11:03.181 UTC: 	 Caught exception
Traceback (most recent call last):
  File "/cvmfs/cms.cern.ch/crab3/slc6_amd64_gcc493/cms/crabclient/3.3.2001/bin/crab", line 160, in <module>
    client()
  File "/cvmfs/cms.cern.ch/crab3/slc6_amd64_gcc493/cms/crabclient/3.3.2001/bin/crab", line 145, in __call__
    self.cmd = sub_cmd(self.logger, args[1:])
  File "/cvmfs/cms.cern.ch/crab3/slc6_amd64_gcc493/cms/crabclient/3.3.2001/lib/python2.7/site-packages/CRABClient/Commands/status.py", line 40, in __init__
    SubCommand.__init__(self, logger, cmdargs)
  File "/cvmfs/cms.cern.ch/crab3/slc6_amd64_gcc493/cms/crabclient/3.3.2001/lib/python2.7/site-packages/CRABClient/Commands/SubCommand.py", line 277, in __init__
    SubCommand.validateOptions(self)
  File "/cvmfs/cms.cern.ch/crab3/slc6_amd64_gcc493/cms/crabclient/3.3.2001/lib/python2.7/site-packages/CRABClient/Commands/SubCommand.py", line 595, in validateOptions
    raise ConfigurationException(msg)
ConfigurationException: [91mError[0m: crab_projects/crab_SkimTau3Mu_BParking_Run2018A_BPH4_Mini_v3/Ã is not a valid CRAB project directory.
DEBUG 2020-04-30 09:26:36.884 UTC: 	 Running on: Linux ui02.recas.ba.infn.it 3.10.0-862.14.4.el7.x86_64 #1 SMP Wed Sep 26 15:12:11 UTC 2018 x86_64 x86_64 x86_64 GNU/Linux - CentOS Linux 7 (Core)
DEBUG 2020-04-30 09:26:36.904 UTC: 	 OpenSSl version: OpenSSL 1.0.2k-fips  26 Jan 2017 (Library: OpenSSL 1.0.2d-fips 9 Jul 2015)
DEBUG 2020-04-30 09:26:36.905 UTC: 	 Executing command: 'status'
DEBUG 2020-04-30 09:26:36.907 UTC: 	 Found CRAB cache file /lustre/home/venditti/.crab3
ERROR 2020-04-30 09:26:36.909 UTC: 	 Error: crab_projects/crab_SkimTau3Mu_BParking_Run2018A_BPH3_Mini_v3Ã-bis is not a valid CRAB project directory.
ERROR 2020-04-30 09:26:36.909 UTC: 	 Caught ClientException exception
Traceback (most recent call last):
  File "/cvmfs/cms.cern.ch/share/cms/crab-prod/3.3.2003/bin/crab", line 165, in <module>
    client()
  File "/cvmfs/cms.cern.ch/share/cms/crab-prod/3.3.2003/bin/crab", line 150, in __call__
    self.cmd = sub_cmd(self.logger, args[1:])
  File "/cvmfs/cms.cern.ch/share/cms/crab-prod/3.3.2003/lib/CRABClient/Commands/status.py", line 41, in __init__
    SubCommand.__init__(self, logger, cmdargs)
  File "/cvmfs/cms.cern.ch/share/cms/crab-prod/3.3.2003/lib/CRABClient/Commands/SubCommand.py", line 277, in __init__
    SubCommand.validateOptions(self)
  File "/cvmfs/cms.cern.ch/share/cms/crab-prod/3.3.2003/lib/CRABClient/Commands/SubCommand.py", line 604, in validateOptions
    raise ConfigurationException(msg)
ConfigurationException: [91mError[0m: crab_projects/crab_SkimTau3Mu_BParking_Run2018A_BPH3_Mini_v3Ã-bis is not a valid CRAB project directory.
DEBUG 2020-04-30 14:58:03.843 UTC: 	 Running on: Linux ui03.recas.ba.infn.it 3.10.0-862.14.4.el7.x86_64 #1 SMP Wed Sep 26 15:12:11 UTC 2018 x86_64 x86_64 x86_64 GNU/Linux - CentOS Linux 7 (Core)
DEBUG 2020-04-30 14:58:03.854 UTC: 	 OpenSSl version: OpenSSL 1.0.2k-fips  26 Jan 2017 (Library: OpenSSL 1.0.2d-fips 9 Jul 2015)
DEBUG 2020-04-30 14:58:03.854 UTC: 	 Executing command: 'status'
DEBUG 2020-04-30 14:58:03.854 UTC: 	 Found CRAB cache file /lustre/home/venditti/.crab3
ERROR 2020-04-30 14:58:03.855 UTC: 	 Error: crab_projects/crab_SkimTau3Mu_BParking_Run2018A_BPH3_Mini-4LS is not a valid CRAB project directory.
ERROR 2020-04-30 14:58:03.855 UTC: 	 Caught ClientException exception
Traceback (most recent call last):
  File "/cvmfs/cms.cern.ch/share/cms/crab-prod/3.3.2003/bin/crab", line 165, in <module>
    client()
  File "/cvmfs/cms.cern.ch/share/cms/crab-prod/3.3.2003/bin/crab", line 150, in __call__
    self.cmd = sub_cmd(self.logger, args[1:])
  File "/cvmfs/cms.cern.ch/share/cms/crab-prod/3.3.2003/lib/CRABClient/Commands/status.py", line 41, in __init__
    SubCommand.__init__(self, logger, cmdargs)
  File "/cvmfs/cms.cern.ch/share/cms/crab-prod/3.3.2003/lib/CRABClient/Commands/SubCommand.py", line 277, in __init__
    SubCommand.validateOptions(self)
  File "/cvmfs/cms.cern.ch/share/cms/crab-prod/3.3.2003/lib/CRABClient/Commands/SubCommand.py", line 604, in validateOptions
    raise ConfigurationException(msg)
ConfigurationException: [91mError[0m: crab_projects/crab_SkimTau3Mu_BParking_Run2018A_BPH3_Mini-4LS is not a valid CRAB project directory.
DEBUG 2020-05-02 16:40:00.109 UTC: 	 Running on: Linux ui02.recas.ba.infn.it 3.10.0-862.14.4.el7.x86_64 #1 SMP Wed Sep 26 15:12:11 UTC 2018 x86_64 x86_64 x86_64 GNU/Linux - CentOS Linux 7 (Core)
DEBUG 2020-05-02 16:40:00.128 UTC: 	 OpenSSl version: OpenSSL 1.0.2k-fips  26 Jan 2017 (Library: OpenSSL 1.0.2d-fips 9 Jul 2015)
DEBUG 2020-05-02 16:40:00.129 UTC: 	 Executing command: 'submit'
DEBUG 2020-05-02 16:40:00.129 UTC: 	 Found CRAB cache file /lustre/home/venditti/.crab3
DEBUG 2020-05-02 16:40:00.136 UTC: 	 Checking credentials
DEBUG 2020-05-02 16:40:00.136 UTC: 	 Found proxy file /tmp/x509up_u50797
DEBUG 2020-05-02 16:40:00.136 UTC: 	 Getting proxy life time left
DEBUG 2020-05-02 16:40:00.840 UTC: 	 Executing : 
 command : voms-proxy-info -file /tmp/x509up_u50797 -timeleft
 output : 37660

 error: 
 retcode : 0
DEBUG 2020-05-02 16:40:01.444 UTC: 	 Executing : 
 command : voms-proxy-info -file /tmp/x509up_u50797 -actimeleft
 output : 37659

 error: 
 retcode : 0
DEBUG 2020-05-02 16:40:01.445 UTC: 	 Proxy lifetime 37660 secs is different from voms extension lifetime 37659 secs for proxy: /tmp/x509up_u50797
DEBUG 2020-05-02 16:40:01.445 UTC: 	 Proxy valid for 10:27:39 hours
INFO 2020-05-02 16:40:01.445 UTC: 	 Will use CRAB configuration file crab_T3Mu_BPH1_RunA_cfg.py
DEBUG 2020-05-02 16:40:01.445 UTC: 	 Loading CRAB configuration file.
DEBUG 2020-05-02 16:40:01.448 UTC: 	 Will use CRAB Analysis plugin (i.e. will run an analysis job type).
ERROR 2020-05-02 16:40:01.449 UTC: 	 Working area '/lustrehome/venditti/Tau3Mu_MiniAOD/CMSSW_10_2_1/src/CrabSubmission/Data/BParking_RunA_Mini/crab_projects/crab_SkimTau3Mu_BParking_Run2018A_BPH1_Mini_v4' already exists 
Please change the requestName in the config file
ERROR 2020-05-02 16:40:01.449 UTC: 	 Caught ClientException exception
Traceback (most recent call last):
  File "/cvmfs/cms.cern.ch/share/cms/crab-prod/3.3.2003/bin/crab", line 165, in <module>
    client()
  File "/cvmfs/cms.cern.ch/share/cms/crab-prod/3.3.2003/bin/crab", line 150, in __call__
    self.cmd = sub_cmd(self.logger, args[1:])
  File "/cvmfs/cms.cern.ch/share/cms/crab-prod/3.3.2003/lib/CRABClient/Commands/submit.py", line 35, in __init__
    SubCommand.__init__(self, logger, cmdargs, disable_interspersed_args=True)
  File "/cvmfs/cms.cern.ch/share/cms/crab-prod/3.3.2003/lib/CRABClient/Commands/SubCommand.py", line 324, in __init__
    getattr(self.configuration.General, 'requestName', None))
  File "/cvmfs/cms.cern.ch/share/cms/crab-prod/3.3.2003/lib/CRABClient/ClientUtilities.py", line 418, in createWorkArea
    raise ConfigException("Working area '%s' already exists \nPlease change the requestName in the config file" % fullpath)
ConfigException: Working area '/lustrehome/venditti/Tau3Mu_MiniAOD/CMSSW_10_2_1/src/CrabSubmission/Data/BParking_RunA_Mini/crab_projects/crab_SkimTau3Mu_BParking_Run2018A_BPH1_Mini_v4' already exists 
Please change the requestName in the config file
DEBUG 2020-05-02 17:32:49.592 UTC: 	 Running on: Linux ui03.recas.ba.infn.it 3.10.0-862.14.4.el7.x86_64 #1 SMP Wed Sep 26 15:12:11 UTC 2018 x86_64 x86_64 x86_64 GNU/Linux - CentOS Linux 7 (Core)
DEBUG 2020-05-02 17:32:49.603 UTC: 	 OpenSSl version: OpenSSL 1.0.2k-fips  26 Jan 2017 (Library: OpenSSL 1.0.2d-fips 9 Jul 2015)
DEBUG 2020-05-02 17:32:49.603 UTC: 	 Executing command: 'checkwrite'
DEBUG 2020-05-02 17:32:49.603 UTC: 	 Found CRAB cache file /lustre/home/venditti/.crab3
DEBUG 2020-05-02 17:32:49.608 UTC: 	 Checking credentials
DEBUG 2020-05-02 17:32:49.608 UTC: 	 Found proxy file /tmp/x509up_u50797
DEBUG 2020-05-02 17:32:49.608 UTC: 	 Getting proxy life time left
DEBUG 2020-05-02 17:32:50.211 UTC: 	 Executing : 
 command : voms-proxy-info -file /tmp/x509up_u50797 -timeleft
 output : 43055

 error: 
 retcode : 0
DEBUG 2020-05-02 17:32:50.815 UTC: 	 Executing : 
 command : voms-proxy-info -file /tmp/x509up_u50797 -actimeleft
 output : 43055

 error: 
 retcode : 0
DEBUG 2020-05-02 17:32:50.815 UTC: 	 Proxy valid for 11:57:35 hours
DEBUG 2020-05-02 17:32:50.922 UTC: 	 Executing : 
 command : openssl x509 -in ~/.globus/usercert.pem -subject -noout
 output : subject= /DC=ch/DC=cern/OU=Organic Units/OU=Users/CN=rosma/CN=715593/CN=Rosamaria Venditti

 error: 
 retcode : 0
DEBUG 2020-05-02 17:32:50.922 UTC: 	 Checking credentials
DEBUG 2020-05-02 17:32:50.922 UTC: 	 Found proxy file /tmp/x509up_u50797
DEBUG 2020-05-02 17:32:50.922 UTC: 	 Getting proxy life time left
DEBUG 2020-05-02 17:32:51.526 UTC: 	 Executing : 
 command : voms-proxy-info -file /tmp/x509up_u50797 -timeleft
 output : 43054

 error: 
 retcode : 0
DEBUG 2020-05-02 17:32:52.129 UTC: 	 Executing : 
 command : voms-proxy-info -file /tmp/x509up_u50797 -actimeleft
 output : 43053

 error: 
 retcode : 0
DEBUG 2020-05-02 17:32:52.130 UTC: 	 Proxy lifetime 43054 secs is different from voms extension lifetime 43053 secs for proxy: /tmp/x509up_u50797
DEBUG 2020-05-02 17:32:52.130 UTC: 	 Proxy valid for 11:57:33 hours
DEBUG 2020-05-02 17:32:52.733 UTC: 	 Executing : 
 command : env X509_USER_PROXY=/tmp/x509up_u50797 voms-proxy-info -fqan
 output : /cms/Role=NULL/Capability=NULL

 error: 
 retcode : 0
ERROR 2020-05-02 17:32:52.734 UTC: 	 Error: Please specify the site where to check the write permissions. Use the --site option.
ERROR 2020-05-02 17:32:52.734 UTC: 	 Caught ClientException exception
Traceback (most recent call last):
  File "/cvmfs/cms.cern.ch/share/cms/crab-prod/3.3.2003/bin/crab", line 165, in <module>
    client()
  File "/cvmfs/cms.cern.ch/share/cms/crab-prod/3.3.2003/bin/crab", line 150, in __call__
    self.cmd = sub_cmd(self.logger, args[1:])
  File "/cvmfs/cms.cern.ch/share/cms/crab-prod/3.3.2003/lib/CRABClient/Commands/checkwrite.py", line 22, in __init__
    SubCommand.__init__(self, logger, cmdargs)
  File "/cvmfs/cms.cern.ch/share/cms/crab-prod/3.3.2003/lib/CRABClient/Commands/SubCommand.py", line 362, in __init__
    self.validateOptions()
  File "/cvmfs/cms.cern.ch/share/cms/crab-prod/3.3.2003/lib/CRABClient/Commands/checkwrite.py", line 262, in validateOptions
    raise ex
MissingOptionException: [91mError[0m: Please specify the site where to check the write permissions. Use the --site option.
DEBUG 2020-05-02 17:33:01.352 UTC: 	 Running on: Linux ui03.recas.ba.infn.it 3.10.0-862.14.4.el7.x86_64 #1 SMP Wed Sep 26 15:12:11 UTC 2018 x86_64 x86_64 x86_64 GNU/Linux - CentOS Linux 7 (Core)
DEBUG 2020-05-02 17:33:01.363 UTC: 	 OpenSSl version: OpenSSL 1.0.2k-fips  26 Jan 2017 (Library: OpenSSL 1.0.2d-fips 9 Jul 2015)
DEBUG 2020-05-02 17:33:01.363 UTC: 	 Executing command: 'checkwrite'
DEBUG 2020-05-02 17:33:01.363 UTC: 	 Found CRAB cache file /lustre/home/venditti/.crab3
DEBUG 2020-05-02 17:33:08.095 UTC: 	 Running on: Linux ui03.recas.ba.infn.it 3.10.0-862.14.4.el7.x86_64 #1 SMP Wed Sep 26 15:12:11 UTC 2018 x86_64 x86_64 x86_64 GNU/Linux - CentOS Linux 7 (Core)
DEBUG 2020-05-02 17:33:08.106 UTC: 	 OpenSSl version: OpenSSL 1.0.2k-fips  26 Jan 2017 (Library: OpenSSL 1.0.2d-fips 9 Jul 2015)
DEBUG 2020-05-02 17:33:08.106 UTC: 	 Executing command: 'checkwrite'
DEBUG 2020-05-02 17:33:08.106 UTC: 	 Found CRAB cache file /lustre/home/venditti/.crab3
DEBUG 2020-05-02 17:33:08.111 UTC: 	 Checking credentials
DEBUG 2020-05-02 17:33:08.111 UTC: 	 Found proxy file /tmp/x509up_u50797
DEBUG 2020-05-02 17:33:08.111 UTC: 	 Getting proxy life time left
DEBUG 2020-05-02 17:33:08.715 UTC: 	 Executing : 
 command : voms-proxy-info -file /tmp/x509up_u50797 -timeleft
 output : 43037

 error: 
 retcode : 0
DEBUG 2020-05-02 17:33:09.319 UTC: 	 Executing : 
 command : voms-proxy-info -file /tmp/x509up_u50797 -actimeleft
 output : 43036

 error: 
 retcode : 0
DEBUG 2020-05-02 17:33:09.319 UTC: 	 Proxy lifetime 43037 secs is different from voms extension lifetime 43036 secs for proxy: /tmp/x509up_u50797
DEBUG 2020-05-02 17:33:09.319 UTC: 	 Proxy valid for 11:57:16 hours
DEBUG 2020-05-02 17:33:09.426 UTC: 	 Executing : 
 command : openssl x509 -in ~/.globus/usercert.pem -subject -noout
 output : subject= /DC=ch/DC=cern/OU=Organic Units/OU=Users/CN=rosma/CN=715593/CN=Rosamaria Venditti

 error: 
 retcode : 0
DEBUG 2020-05-02 17:33:09.426 UTC: 	 Checking credentials
DEBUG 2020-05-02 17:33:09.426 UTC: 	 Found proxy file /tmp/x509up_u50797
DEBUG 2020-05-02 17:33:09.426 UTC: 	 Getting proxy life time left
DEBUG 2020-05-02 17:33:10.030 UTC: 	 Executing : 
 command : voms-proxy-info -file /tmp/x509up_u50797 -timeleft
 output : 43035

 error: 
 retcode : 0
DEBUG 2020-05-02 17:33:10.634 UTC: 	 Executing : 
 command : voms-proxy-info -file /tmp/x509up_u50797 -actimeleft
 output : 43035

 error: 
 retcode : 0
DEBUG 2020-05-02 17:33:10.635 UTC: 	 Proxy valid for 11:57:15 hours
DEBUG 2020-05-02 17:33:11.238 UTC: 	 Executing : 
 command : env X509_USER_PROXY=/tmp/x509up_u50797 voms-proxy-info -fqan
 output : /cms/Role=NULL/Capability=NULL

 error: 
 retcode : 0
DEBUG 2020-05-02 17:33:11.239 UTC: 	 Command use: checkwrite
DEBUG 2020-05-02 17:33:11.239 UTC: 	 Options use: ['--site', 'T2_IT_Bari']
DEBUG 2020-05-02 17:33:11.239 UTC: 	 Instance is None
DEBUG 2020-05-02 17:33:11.239 UTC: 	 Server base url is None
INFO 2020-05-02 17:33:11.242 UTC: 	 Will check write permission in the default location /store/user/<username>
INFO 2020-05-02 17:33:11.242 UTC: 	 Retrieving DN from proxy...
INFO 2020-05-02 17:33:11.984 UTC: 	 DN is: /DC=ch/DC=cern/OU=Organic Units/OU=Users/CN=rosma/CN=715593/CN=Rosamaria Venditti
INFO 2020-05-02 17:33:11.984 UTC: 	 Retrieving username for this DN...
DEBUG 2020-05-02 17:33:11.984 UTC: 	 Retrieving username from SiteDB...
DEBUG 2020-05-02 17:33:14.351 UTC: 	 Error UsernameException: Failed to retrieve username from SiteDB. Your DN does not seem to be registered in SiteDB.
Details follow:
  Executed command: curl -sS --capath /etc/grid-security/certificates --cert /tmp/x509up_u50797 --key /tmp/x509up_u50797 'https://cmsweb.cern.ch/sitedb/data/prod/whoami'
    Stdout:
      <!DOCTYPE html PUBLIC "-//W3C//DTD XHTML 1.1//EN" "http://www.w3.org/TR/xhtml11/DTD/xhtml11.dtd">
      <html xmlns="http://www.w3.org/1999/xhtml" xml:lang="en">
       <head>
       <title>CMSWEB Error: No such site</title>
       <meta http-equiv="Content-Type" content="text/html;charset=utf-8" />
       <link rel="shortcut icon" href="/favicon.ico" type="image/x-icon" />
       <link rel="stylesheet" type="text/css" media="screen" href="/css/cmsweb.css" />
      </head>
      <body>
       <div id="main">
        <div id="top">
         <div class="boxTitle"><img src="/img/title.gif" alt="CMSWEB (title)" /></div>
        </div>
        <div id="middle">
         <div class="boxLinkContainer">
          <h2>No such site</h2>
          <p>The site you requested does not exist. Could we interest you in <a href='/'>anything else</a>?</p>
         </div>
        </div>
        <div id="bottom">
         <div class="boxFooter">&nbsp;</div>
        </div>
       </div>
      </body>
      </html>
      
    Parsed username: 
Note: Make sure you have the correct certificate mapped in SiteDB (you can check what is the certificate you currently have mapped in SiteDB by searching for your name in https://cmsweb.cern.ch/sitedb/prod/people). For instructions on how to map a certificate in SiteDB, see https://twiki.cern.ch/twiki/bin/viewauth/CMS/SiteDBForCRAB.
DEBUG 2020-05-02 17:33:14.351 UTC: 	 Retrieving username from CRIC...
DEBUG 2020-05-02 17:33:17.616 UTC: 	 Username is: rosma
INFO 2020-05-02 17:33:17.617 UTC: 	 Failed to get username from SiteDB.
 Details are in crab.log file
Will try new Coputing Resource Information Catalog CRIC
INFO 2020-05-02 17:33:17.617 UTC: 	 username is rosma
INFO 2020-05-02 17:33:17.617 UTC: 	 Validating LFN /store/user/rosma...
INFO 2020-05-02 17:33:17.617 UTC: 	 LFN /store/user/rosma is valid.
INFO 2020-05-02 17:33:17.654 UTC: 	 Will use `gfal-copy`, `gfal-rm` commands for checking write permissions
INFO 2020-05-02 17:33:17.655 UTC: 	 Will check write permission in /store/user/rosma on site T2_IT_Bari
INFO 2020-05-02 17:33:17.862 UTC: 	 
Attempting to create (dummy) directory crab3checkwrite_20200502_193317 and copy (dummy) file crab3checkwrite_20200502_193317.tmp to /store/user/rosma

INFO 2020-05-02 17:33:17.865 UTC: 	 Executing command: which scram >/dev/null 2>&1 && eval `scram unsetenv -sh`; gfal-copy -p -v -t 180 file:///lustrehome/venditti/Tau3Mu_MiniAOD/CMSSW_10_2_1/src/CrabSubmission/Data/BParking_RunA_Mini/crab3checkwrite_20200502_193317.tmp 'srm://storm-se-01.ba.infn.it:8444/srm/managerv2?SFN=//cms/store/user/rosma/crab3checkwrite_20200502_193317/crab3checkwrite_20200502_193317.tmp'
INFO 2020-05-02 17:33:17.867 UTC: 	 Please wait...
INFO 2020-05-02 17:36:48.607 UTC: 	 Failed running copy command
INFO 2020-05-02 17:36:48.608 UTC: 	   Stderr:
    Command timed out after 180 seconds!
    
INFO 2020-05-02 17:36:48.609 UTC: 	 
Checkwrite Result:
INFO 2020-05-02 17:36:48.609 UTC: 	 Unable to check write permission in /store/user/rosma on site T2_IT_Bari
Please try again later or contact the site administrators sending them the 'crab checkwrite' output as printed above.
INFO 2020-05-02 17:36:48.609 UTC: 	 Note: You cannot write to a site if you did not ask permission.
DEBUG 2020-05-04 08:02:15.775 UTC: 	 Running on: Linux ui02.recas.ba.infn.it 3.10.0-862.14.4.el7.x86_64 #1 SMP Wed Sep 26 15:12:11 UTC 2018 x86_64 x86_64 x86_64 GNU/Linux - CentOS Linux 7 (Core)
DEBUG 2020-05-04 08:02:15.786 UTC: 	 OpenSSl version: OpenSSL 1.0.2k-fips  26 Jan 2017 (Library: OpenSSL 1.0.2d-fips 9 Jul 2015)
DEBUG 2020-05-04 08:02:15.786 UTC: 	 Executing command: 'report'
DEBUG 2020-05-04 08:02:15.786 UTC: 	 Found CRAB cache file /lustre/home/venditti/.crab3
DEBUG 2020-05-04 08:20:21.106 UTC: 	 Running on: Linux ui02.recas.ba.infn.it 3.10.0-862.14.4.el7.x86_64 #1 SMP Wed Sep 26 15:12:11 UTC 2018 x86_64 x86_64 x86_64 GNU/Linux - CentOS Linux 7 (Core)
DEBUG 2020-05-04 08:20:21.117 UTC: 	 OpenSSl version: OpenSSL 1.0.2k-fips  26 Jan 2017 (Library: OpenSSL 1.0.2d-fips 9 Jul 2015)
DEBUG 2020-05-04 08:20:21.118 UTC: 	 Executing command: 'submit'
DEBUG 2020-05-04 08:20:21.119 UTC: 	 Found CRAB cache file /lustre/home/venditti/.crab3
DEBUG 2020-05-04 08:20:21.124 UTC: 	 Checking credentials
DEBUG 2020-05-04 08:20:21.124 UTC: 	 Found proxy file /tmp/x509up_u50797
DEBUG 2020-05-04 08:20:21.124 UTC: 	 Getting proxy life time left
DEBUG 2020-05-04 08:20:21.727 UTC: 	 Executing : 
 command : voms-proxy-info -file /tmp/x509up_u50797 -timeleft
 output : 40977

 error: 
 retcode : 0
DEBUG 2020-05-04 08:20:22.331 UTC: 	 Executing : 
 command : voms-proxy-info -file /tmp/x509up_u50797 -actimeleft
 output : 40976

 error: 
 retcode : 0
DEBUG 2020-05-04 08:20:22.332 UTC: 	 Proxy lifetime 40977 secs is different from voms extension lifetime 40976 secs for proxy: /tmp/x509up_u50797
DEBUG 2020-05-04 08:20:22.332 UTC: 	 Proxy valid for 11:22:56 hours
INFO 2020-05-04 08:20:22.332 UTC: 	 Will use CRAB configuration file crab_T3Mu_BPH1_RunA_recovery_cfg.py
DEBUG 2020-05-04 08:20:22.332 UTC: 	 Loading CRAB configuration file.
ERROR 2020-05-04 08:20:22.334 UTC: 	 Invalid CRAB configuration: Parameter Site.blacklist requires a value of type <type 'list'> (while a value of type <type 'str'> was given).
The documentation about the CRAB configuration file can be found in https://twiki.cern.ch/twiki/bin/view/CMSPublic/CRAB3ConfigurationFile
ERROR 2020-05-04 08:20:22.334 UTC: 	 Caught ClientException exception
Traceback (most recent call last):
  File "/cvmfs/cms.cern.ch/share/cms/crab-prod/3.3.2003/bin/crab", line 165, in <module>
    client()
  File "/cvmfs/cms.cern.ch/share/cms/crab-prod/3.3.2003/bin/crab", line 150, in __call__
    self.cmd = sub_cmd(self.logger, args[1:])
  File "/cvmfs/cms.cern.ch/share/cms/crab-prod/3.3.2003/lib/CRABClient/Commands/submit.py", line 35, in __init__
    SubCommand.__init__(self, logger, cmdargs, disable_interspersed_args=True)
  File "/cvmfs/cms.cern.ch/share/cms/crab-prod/3.3.2003/lib/CRABClient/Commands/SubCommand.py", line 320, in __init__
    self.loadConfig(self.options.config, self.args)
  File "/cvmfs/cms.cern.ch/share/cms/crab-prod/3.3.2003/lib/CRABClient/Commands/SubCommand.py", line 93, in loadConfig
    raise ConfigurationException(configmsg)
ConfigurationException: Invalid CRAB configuration: Parameter Site.blacklist requires a value of type <type 'list'> (while a value of type <type 'str'> was given).
The documentation about the CRAB configuration file can be found in https://twiki.cern.ch/twiki/bin/view/CMSPublic/CRAB3ConfigurationFile
DEBUG 2020-05-04 08:20:57.514 UTC: 	 Running on: Linux ui02.recas.ba.infn.it 3.10.0-862.14.4.el7.x86_64 #1 SMP Wed Sep 26 15:12:11 UTC 2018 x86_64 x86_64 x86_64 GNU/Linux - CentOS Linux 7 (Core)
DEBUG 2020-05-04 08:20:57.525 UTC: 	 OpenSSl version: OpenSSL 1.0.2k-fips  26 Jan 2017 (Library: OpenSSL 1.0.2d-fips 9 Jul 2015)
DEBUG 2020-05-04 08:20:57.526 UTC: 	 Executing command: 'submit'
DEBUG 2020-05-04 08:20:57.526 UTC: 	 Found CRAB cache file /lustre/home/venditti/.crab3
DEBUG 2020-05-04 08:20:57.531 UTC: 	 Checking credentials
DEBUG 2020-05-04 08:20:57.531 UTC: 	 Found proxy file /tmp/x509up_u50797
DEBUG 2020-05-04 08:20:57.531 UTC: 	 Getting proxy life time left
DEBUG 2020-05-04 08:20:58.134 UTC: 	 Executing : 
 command : voms-proxy-info -file /tmp/x509up_u50797 -timeleft
 output : 40940

 error: 
 retcode : 0
DEBUG 2020-05-04 08:20:58.738 UTC: 	 Executing : 
 command : voms-proxy-info -file /tmp/x509up_u50797 -actimeleft
 output : 40940

 error: 
 retcode : 0
DEBUG 2020-05-04 08:20:58.738 UTC: 	 Proxy valid for 11:22:20 hours
INFO 2020-05-04 08:20:58.739 UTC: 	 Will use CRAB configuration file crab_T3Mu_BPH1_RunA_recovery_cfg.py
DEBUG 2020-05-04 08:20:58.739 UTC: 	 Loading CRAB configuration file.
DEBUG 2020-05-04 08:20:58.741 UTC: 	 Will use CRAB Analysis plugin (i.e. will run an analysis job type).
ERROR 2020-05-04 08:20:58.745 UTC: 	 Working area '/lustrehome/venditti/Tau3Mu_MiniAOD/CMSSW_10_2_1/src/CrabSubmission/Data/BParking_RunA_Mini/crab_projects/crab_SkimTau3Mu_BParking_Run2018A_BPH1_Mini_v4' already exists 
Please change the requestName in the config file
ERROR 2020-05-04 08:20:58.745 UTC: 	 Caught ClientException exception
Traceback (most recent call last):
  File "/cvmfs/cms.cern.ch/share/cms/crab-prod/3.3.2003/bin/crab", line 165, in <module>
    client()
  File "/cvmfs/cms.cern.ch/share/cms/crab-prod/3.3.2003/bin/crab", line 150, in __call__
    self.cmd = sub_cmd(self.logger, args[1:])
  File "/cvmfs/cms.cern.ch/share/cms/crab-prod/3.3.2003/lib/CRABClient/Commands/submit.py", line 35, in __init__
    SubCommand.__init__(self, logger, cmdargs, disable_interspersed_args=True)
  File "/cvmfs/cms.cern.ch/share/cms/crab-prod/3.3.2003/lib/CRABClient/Commands/SubCommand.py", line 324, in __init__
    getattr(self.configuration.General, 'requestName', None))
  File "/cvmfs/cms.cern.ch/share/cms/crab-prod/3.3.2003/lib/CRABClient/ClientUtilities.py", line 418, in createWorkArea
    raise ConfigException("Working area '%s' already exists \nPlease change the requestName in the config file" % fullpath)
ConfigException: Working area '/lustrehome/venditti/Tau3Mu_MiniAOD/CMSSW_10_2_1/src/CrabSubmission/Data/BParking_RunA_Mini/crab_projects/crab_SkimTau3Mu_BParking_Run2018A_BPH1_Mini_v4' already exists 
Please change the requestName in the config file
DEBUG 2020-05-04 08:33:08.116 UTC: 	 Running on: Linux ui02.recas.ba.infn.it 3.10.0-862.14.4.el7.x86_64 #1 SMP Wed Sep 26 15:12:11 UTC 2018 x86_64 x86_64 x86_64 GNU/Linux - CentOS Linux 7 (Core)
DEBUG 2020-05-04 08:33:08.127 UTC: 	 OpenSSl version: OpenSSL 1.0.2k-fips  26 Jan 2017 (Library: OpenSSL 1.0.2d-fips 9 Jul 2015)
DEBUG 2020-05-04 08:33:08.127 UTC: 	 Executing command: 'remake'
DEBUG 2020-05-04 08:33:08.128 UTC: 	 Found CRAB cache file /lustre/home/venditti/.crab3
DEBUG 2020-05-04 08:33:08.133 UTC: 	 Checking credentials
DEBUG 2020-05-04 08:33:08.134 UTC: 	 Found proxy file /tmp/x509up_u50797
DEBUG 2020-05-04 08:33:08.134 UTC: 	 Getting proxy life time left
DEBUG 2020-05-04 08:33:08.737 UTC: 	 Executing : 
 command : voms-proxy-info -file /tmp/x509up_u50797 -timeleft
 output : 40210

 error: 
 retcode : 0
DEBUG 2020-05-04 08:33:09.341 UTC: 	 Executing : 
 command : voms-proxy-info -file /tmp/x509up_u50797 -actimeleft
 output : 40209

 error: 
 retcode : 0
DEBUG 2020-05-04 08:33:09.342 UTC: 	 Proxy lifetime 40210 secs is different from voms extension lifetime 40209 secs for proxy: /tmp/x509up_u50797
DEBUG 2020-05-04 08:33:09.342 UTC: 	 Proxy valid for 11:10:09 hours
DEBUG 2020-05-04 08:33:09.449 UTC: 	 Executing : 
 command : openssl x509 -in ~/.globus/usercert.pem -subject -noout
 output : subject= /DC=ch/DC=cern/OU=Organic Units/OU=Users/CN=rosma/CN=715593/CN=Rosamaria Venditti

 error: 
 retcode : 0
DEBUG 2020-05-04 08:33:09.449 UTC: 	 Checking credentials
DEBUG 2020-05-04 08:33:09.449 UTC: 	 Found proxy file /tmp/x509up_u50797
DEBUG 2020-05-04 08:33:09.449 UTC: 	 Getting proxy life time left
DEBUG 2020-05-04 08:33:10.053 UTC: 	 Executing : 
 command : voms-proxy-info -file /tmp/x509up_u50797 -timeleft
 output : 40208

 error: 
 retcode : 0
DEBUG 2020-05-04 08:33:10.657 UTC: 	 Executing : 
 command : voms-proxy-info -file /tmp/x509up_u50797 -actimeleft
 output : 40208

 error: 
 retcode : 0
DEBUG 2020-05-04 08:33:10.658 UTC: 	 Proxy valid for 11:10:08 hours
DEBUG 2020-05-04 08:33:10.928 UTC: 	 Registering user credentials for server /DC=ch/DC=cern/OU=computers/CN=vocms0105.cern.ch|/DC=ch/DC=cern/OU=computers/CN=crab-(preprod|prod|dev)-tw(02|01).cern.ch|/DC=ch/DC=cern/OU=computers/CN=(ddi|ddidk|mytw).cern.ch
DEBUG 2020-05-04 08:33:11.035 UTC: 	 Executing : 
 command : openssl x509 -in ~/.globus/usercert.pem -subject -noout
 output : subject= /DC=ch/DC=cern/OU=Organic Units/OU=Users/CN=rosma/CN=715593/CN=Rosamaria Venditti

 error: 
 retcode : 0
DEBUG 2020-05-04 08:33:11.035 UTC: 	 Getting myproxy life time left for myproxy.cern.ch
DEBUG 2020-05-04 08:33:11.036 UTC: 	 Calculating hash of /DC=ch/DC=cern/OU=Organic Units/OU=Users/CN=rosma/CN=715593/CN=Rosamaria Venditti_cmsweb.cern.ch for credential name
DEBUG 2020-05-04 08:33:11.339 UTC: 	 Executing : 
 command : myproxy-info -l c440c7e8c959656ac9f9a97ec73da12c172699d7 -s myproxy.cern.ch
 output : username: c440c7e8c959656ac9f9a97ec73da12c172699d7
owner: /DC=ch/DC=cern/OU=Organic Units/OU=Users/CN=rosma/CN=715593/CN=Rosamaria Venditti
  renewal policy: /DC=ch/DC=cern/OU=computers/CN=vocms0105.cern.ch|/DC=ch/DC=cern/OU=computers/CN=crab-(preprod|prod|dev)-tw(02|01).cern.ch|/DC=ch/DC=cern/OU=computers/CN=(ddi|ddidk|mytw).cern.ch
  trusted retrieval policy: /DC=ch/DC=cern/OU=computers/CN=vocms0105.cern.ch|/DC=ch/DC=cern/OU=computers/CN=crab-(preprod|prod|dev)-tw(02|01).cern.ch|/DC=ch/DC=cern/OU=computers/CN=(ddi|ddidk|mytw).cern.ch
  timeleft: 601:16:09  (25.1 days)

 error: 
 retcode : 0
DEBUG 2020-05-04 08:33:11.340 UTC: 	 Myproxy is valid: 2164569
INFO 2020-05-04 08:33:11.340 UTC: 	 Retrieving DN from proxy...
INFO 2020-05-04 08:33:12.051 UTC: 	 DN is: /DC=ch/DC=cern/OU=Organic Units/OU=Users/CN=rosma/CN=715593/CN=Rosamaria Venditti
INFO 2020-05-04 08:33:12.051 UTC: 	 Retrieving username for this DN...
DEBUG 2020-05-04 08:33:12.051 UTC: 	 Retrieving username from SiteDB...
DEBUG 2020-05-04 08:33:14.387 UTC: 	 Error UsernameException: Failed to retrieve username from SiteDB. Your DN does not seem to be registered in SiteDB.
Details follow:
  Executed command: curl -sS --capath /etc/grid-security/certificates --cert /tmp/x509up_u50797 --key /tmp/x509up_u50797 'https://cmsweb.cern.ch/sitedb/data/prod/whoami'
    Stdout:
      <!DOCTYPE html PUBLIC "-//W3C//DTD XHTML 1.1//EN" "http://www.w3.org/TR/xhtml11/DTD/xhtml11.dtd">
      <html xmlns="http://www.w3.org/1999/xhtml" xml:lang="en">
       <head>
       <title>CMSWEB Error: No such site</title>
       <meta http-equiv="Content-Type" content="text/html;charset=utf-8" />
       <link rel="shortcut icon" href="/favicon.ico" type="image/x-icon" />
       <link rel="stylesheet" type="text/css" media="screen" href="/css/cmsweb.css" />
      </head>
      <body>
       <div id="main">
        <div id="top">
         <div class="boxTitle"><img src="/img/title.gif" alt="CMSWEB (title)" /></div>
        </div>
        <div id="middle">
         <div class="boxLinkContainer">
          <h2>No such site</h2>
          <p>The site you requested does not exist. Could we interest you in <a href='/'>anything else</a>?</p>
         </div>
        </div>
        <div id="bottom">
         <div class="boxFooter">&nbsp;</div>
        </div>
       </div>
      </body>
      </html>
      
    Parsed username: 
Note: Make sure you have the correct certificate mapped in SiteDB (you can check what is the certificate you currently have mapped in SiteDB by searching for your name in https://cmsweb.cern.ch/sitedb/prod/people). For instructions on how to map a certificate in SiteDB, see https://twiki.cern.ch/twiki/bin/viewauth/CMS/SiteDBForCRAB.
DEBUG 2020-05-04 08:33:14.387 UTC: 	 Retrieving username from CRIC...
DEBUG 2020-05-04 08:33:17.595 UTC: 	 Username is: rosma
INFO 2020-05-04 08:33:17.595 UTC: 	 Failed to get username from SiteDB.
 Details are in crab.log file
Will try new Coputing Resource Information Catalog CRIC
INFO 2020-05-04 08:33:17.595 UTC: 	 username is rosma
DEBUG 2020-05-04 08:33:17.599 UTC: 	 Getting myproxy life time left for myproxy.cern.ch
DEBUG 2020-05-04 08:33:17.599 UTC: 	 using rosma_CRAB as credential login name
DEBUG 2020-05-04 08:33:17.902 UTC: 	 Executing : 
 command : myproxy-info -l rosma_CRAB -s myproxy.cern.ch
 output : username: rosma_CRAB
owner: /DC=ch/DC=cern/OU=Organic Units/OU=Users/CN=rosma/CN=715593/CN=Rosamaria Venditti
  renewal policy: /DC=ch/DC=cern/OU=computers/CN=vocms0105.cern.ch|/DC=ch/DC=cern/OU=computers/CN=crab-(preprod|prod|dev)-tw(02|01).cern.ch|/DC=ch/DC=cern/OU=computers/CN=(ddi|ddidk|mytw).cern.ch
  trusted retrieval policy: /DC=ch/DC=cern/OU=computers/CN=vocms0105.cern.ch|/DC=ch/DC=cern/OU=computers/CN=crab-(preprod|prod|dev)-tw(02|01).cern.ch|/DC=ch/DC=cern/OU=computers/CN=(ddi|ddidk|mytw).cern.ch
  timeleft: 599:36:44  (25.0 days)

 error: 
 retcode : 0
DEBUG 2020-05-04 08:33:17.902 UTC: 	 Myproxy is valid: 2158604
ERROR 2020-05-04 08:33:17.903 UTC: 	 Error: Task name does not match the regular expression '^\d{6}_\d{6}_?([^\:]*)\:[a-zA-Z0-9-]+_(crab_)?.+'.
ERROR 2020-05-04 08:33:17.903 UTC: 	 Caught ClientException exception
Traceback (most recent call last):
  File "/cvmfs/cms.cern.ch/share/cms/crab-prod/3.3.2003/bin/crab", line 165, in <module>
    client()
  File "/cvmfs/cms.cern.ch/share/cms/crab-prod/3.3.2003/bin/crab", line 150, in __call__
    self.cmd = sub_cmd(self.logger, args[1:])
  File "/cvmfs/cms.cern.ch/share/cms/crab-prod/3.3.2003/lib/CRABClient/Commands/SubCommand.py", line 362, in __init__
    self.validateOptions()
  File "/cvmfs/cms.cern.ch/share/cms/crab-prod/3.3.2003/lib/CRABClient/Commands/remake.py", line 64, in validateOptions
    raise ConfigurationException(msg)
ConfigurationException: [91mError[0m: Task name does not match the regular expression '^\d{6}_\d{6}_?([^\:]*)\:[a-zA-Z0-9-]+_(crab_)?.+'.
DEBUG 2020-05-04 08:35:01.468 UTC: 	 Running on: Linux ui02.recas.ba.infn.it 3.10.0-862.14.4.el7.x86_64 #1 SMP Wed Sep 26 15:12:11 UTC 2018 x86_64 x86_64 x86_64 GNU/Linux - CentOS Linux 7 (Core)
DEBUG 2020-05-04 08:35:01.486 UTC: 	 OpenSSl version: OpenSSL 1.0.2k-fips  26 Jan 2017 (Library: OpenSSL 1.0.2d-fips 9 Jul 2015)
DEBUG 2020-05-04 08:35:01.487 UTC: 	 Executing command: 'remake'
DEBUG 2020-05-04 08:35:01.487 UTC: 	 Found CRAB cache file /lustre/home/venditti/.crab3
DEBUG 2020-05-04 08:35:01.494 UTC: 	 Checking credentials
DEBUG 2020-05-04 08:35:01.494 UTC: 	 Found proxy file /tmp/x509up_u50797
DEBUG 2020-05-04 08:35:01.494 UTC: 	 Getting proxy life time left
DEBUG 2020-05-04 08:35:02.100 UTC: 	 Executing : 
 command : voms-proxy-info -file /tmp/x509up_u50797 -timeleft
 output : 40096

 error: 
 retcode : 0
DEBUG 2020-05-04 08:35:02.704 UTC: 	 Executing : 
 command : voms-proxy-info -file /tmp/x509up_u50797 -actimeleft
 output : 40096

 error: 
 retcode : 0
DEBUG 2020-05-04 08:35:02.704 UTC: 	 Proxy valid for 11:08:16 hours
DEBUG 2020-05-04 08:35:02.811 UTC: 	 Executing : 
 command : openssl x509 -in ~/.globus/usercert.pem -subject -noout
 output : subject= /DC=ch/DC=cern/OU=Organic Units/OU=Users/CN=rosma/CN=715593/CN=Rosamaria Venditti

 error: 
 retcode : 0
DEBUG 2020-05-04 08:35:02.812 UTC: 	 Checking credentials
DEBUG 2020-05-04 08:35:02.812 UTC: 	 Found proxy file /tmp/x509up_u50797
DEBUG 2020-05-04 08:35:02.812 UTC: 	 Getting proxy life time left
DEBUG 2020-05-04 08:35:03.415 UTC: 	 Executing : 
 command : voms-proxy-info -file /tmp/x509up_u50797 -timeleft
 output : 40095

 error: 
 retcode : 0
DEBUG 2020-05-04 08:35:04.020 UTC: 	 Executing : 
 command : voms-proxy-info -file /tmp/x509up_u50797 -actimeleft
 output : 40095

 error: 
 retcode : 0
DEBUG 2020-05-04 08:35:04.020 UTC: 	 Proxy valid for 11:08:15 hours
DEBUG 2020-05-04 08:35:04.204 UTC: 	 Registering user credentials for server /DC=ch/DC=cern/OU=computers/CN=vocms0105.cern.ch|/DC=ch/DC=cern/OU=computers/CN=crab-(preprod|prod|dev)-tw(02|01).cern.ch|/DC=ch/DC=cern/OU=computers/CN=(ddi|ddidk|mytw).cern.ch
DEBUG 2020-05-04 08:35:04.312 UTC: 	 Executing : 
 command : openssl x509 -in ~/.globus/usercert.pem -subject -noout
 output : subject= /DC=ch/DC=cern/OU=Organic Units/OU=Users/CN=rosma/CN=715593/CN=Rosamaria Venditti

 error: 
 retcode : 0
DEBUG 2020-05-04 08:35:04.312 UTC: 	 Getting myproxy life time left for myproxy.cern.ch
DEBUG 2020-05-04 08:35:04.312 UTC: 	 Calculating hash of /DC=ch/DC=cern/OU=Organic Units/OU=Users/CN=rosma/CN=715593/CN=Rosamaria Venditti_cmsweb.cern.ch for credential name
DEBUG 2020-05-04 08:35:04.615 UTC: 	 Executing : 
 command : myproxy-info -l c440c7e8c959656ac9f9a97ec73da12c172699d7 -s myproxy.cern.ch
 output : username: c440c7e8c959656ac9f9a97ec73da12c172699d7
owner: /DC=ch/DC=cern/OU=Organic Units/OU=Users/CN=rosma/CN=715593/CN=Rosamaria Venditti
  renewal policy: /DC=ch/DC=cern/OU=computers/CN=vocms0105.cern.ch|/DC=ch/DC=cern/OU=computers/CN=crab-(preprod|prod|dev)-tw(02|01).cern.ch|/DC=ch/DC=cern/OU=computers/CN=(ddi|ddidk|mytw).cern.ch
  trusted retrieval policy: /DC=ch/DC=cern/OU=computers/CN=vocms0105.cern.ch|/DC=ch/DC=cern/OU=computers/CN=crab-(preprod|prod|dev)-tw(02|01).cern.ch|/DC=ch/DC=cern/OU=computers/CN=(ddi|ddidk|mytw).cern.ch
  timeleft: 601:14:16  (25.1 days)

 error: 
 retcode : 0
DEBUG 2020-05-04 08:35:04.616 UTC: 	 Myproxy is valid: 2164456
INFO 2020-05-04 08:35:04.616 UTC: 	 Retrieving DN from proxy...
INFO 2020-05-04 08:35:05.392 UTC: 	 DN is: /DC=ch/DC=cern/OU=Organic Units/OU=Users/CN=rosma/CN=715593/CN=Rosamaria Venditti
INFO 2020-05-04 08:35:05.392 UTC: 	 Retrieving username for this DN...
DEBUG 2020-05-04 08:35:05.392 UTC: 	 Retrieving username from SiteDB...
DEBUG 2020-05-04 08:35:07.667 UTC: 	 Error UsernameException: Failed to retrieve username from SiteDB. Your DN does not seem to be registered in SiteDB.
Details follow:
  Executed command: curl -sS --capath /etc/grid-security/certificates --cert /tmp/x509up_u50797 --key /tmp/x509up_u50797 'https://cmsweb.cern.ch/sitedb/data/prod/whoami'
    Stdout:
      <!DOCTYPE html PUBLIC "-//W3C//DTD XHTML 1.1//EN" "http://www.w3.org/TR/xhtml11/DTD/xhtml11.dtd">
      <html xmlns="http://www.w3.org/1999/xhtml" xml:lang="en">
       <head>
       <title>CMSWEB Error: No such site</title>
       <meta http-equiv="Content-Type" content="text/html;charset=utf-8" />
       <link rel="shortcut icon" href="/favicon.ico" type="image/x-icon" />
       <link rel="stylesheet" type="text/css" media="screen" href="/css/cmsweb.css" />
      </head>
      <body>
       <div id="main">
        <div id="top">
         <div class="boxTitle"><img src="/img/title.gif" alt="CMSWEB (title)" /></div>
        </div>
        <div id="middle">
         <div class="boxLinkContainer">
          <h2>No such site</h2>
          <p>The site you requested does not exist. Could we interest you in <a href='/'>anything else</a>?</p>
         </div>
        </div>
        <div id="bottom">
         <div class="boxFooter">&nbsp;</div>
        </div>
       </div>
      </body>
      </html>
      
    Parsed username: 
Note: Make sure you have the correct certificate mapped in SiteDB (you can check what is the certificate you currently have mapped in SiteDB by searching for your name in https://cmsweb.cern.ch/sitedb/prod/people). For instructions on how to map a certificate in SiteDB, see https://twiki.cern.ch/twiki/bin/viewauth/CMS/SiteDBForCRAB.
DEBUG 2020-05-04 08:35:07.667 UTC: 	 Retrieving username from CRIC...
DEBUG 2020-05-04 08:35:10.876 UTC: 	 Username is: rosma
INFO 2020-05-04 08:35:10.876 UTC: 	 Failed to get username from SiteDB.
 Details are in crab.log file
Will try new Coputing Resource Information Catalog CRIC
INFO 2020-05-04 08:35:10.876 UTC: 	 username is rosma
DEBUG 2020-05-04 08:35:10.880 UTC: 	 Getting myproxy life time left for myproxy.cern.ch
DEBUG 2020-05-04 08:35:10.881 UTC: 	 using rosma_CRAB as credential login name
DEBUG 2020-05-04 08:35:11.184 UTC: 	 Executing : 
 command : myproxy-info -l rosma_CRAB -s myproxy.cern.ch
 output : username: rosma_CRAB
owner: /DC=ch/DC=cern/OU=Organic Units/OU=Users/CN=rosma/CN=715593/CN=Rosamaria Venditti
  renewal policy: /DC=ch/DC=cern/OU=computers/CN=vocms0105.cern.ch|/DC=ch/DC=cern/OU=computers/CN=crab-(preprod|prod|dev)-tw(02|01).cern.ch|/DC=ch/DC=cern/OU=computers/CN=(ddi|ddidk|mytw).cern.ch
  trusted retrieval policy: /DC=ch/DC=cern/OU=computers/CN=vocms0105.cern.ch|/DC=ch/DC=cern/OU=computers/CN=crab-(preprod|prod|dev)-tw(02|01).cern.ch|/DC=ch/DC=cern/OU=computers/CN=(ddi|ddidk|mytw).cern.ch
  timeleft: 599:34:50  (25.0 days)

 error: 
 retcode : 0
DEBUG 2020-05-04 08:35:11.185 UTC: 	 Myproxy is valid: 2158490
ERROR 2020-05-04 08:35:11.186 UTC: 	 Error: Task name does not match the regular expression '^\d{6}_\d{6}_?([^\:]*)\:[a-zA-Z0-9-]+_(crab_)?.+'.
ERROR 2020-05-04 08:35:11.186 UTC: 	 Caught ClientException exception
Traceback (most recent call last):
  File "/cvmfs/cms.cern.ch/share/cms/crab-prod/3.3.2003/bin/crab", line 165, in <module>
    client()
  File "/cvmfs/cms.cern.ch/share/cms/crab-prod/3.3.2003/bin/crab", line 150, in __call__
    self.cmd = sub_cmd(self.logger, args[1:])
  File "/cvmfs/cms.cern.ch/share/cms/crab-prod/3.3.2003/lib/CRABClient/Commands/SubCommand.py", line 362, in __init__
    self.validateOptions()
  File "/cvmfs/cms.cern.ch/share/cms/crab-prod/3.3.2003/lib/CRABClient/Commands/remake.py", line 64, in validateOptions
    raise ConfigurationException(msg)
ConfigurationException: [91mError[0m: Task name does not match the regular expression '^\d{6}_\d{6}_?([^\:]*)\:[a-zA-Z0-9-]+_(crab_)?.+'.
DEBUG 2020-05-04 15:53:22.428 UTC: 	 Running on: Linux ui02.recas.ba.infn.it 3.10.0-862.14.4.el7.x86_64 #1 SMP Wed Sep 26 15:12:11 UTC 2018 x86_64 x86_64 x86_64 GNU/Linux - CentOS Linux 7 (Core)
DEBUG 2020-05-04 15:53:22.439 UTC: 	 OpenSSl version: OpenSSL 1.0.2k-fips  26 Jan 2017 (Library: OpenSSL 1.0.2d-fips 9 Jul 2015)
DEBUG 2020-05-04 15:53:22.439 UTC: 	 Executing command: 'status'
DEBUG 2020-05-04 15:53:22.441 UTC: 	 Found CRAB cache file /lustre/home/venditti/.crab3
ERROR 2020-05-04 15:53:22.442 UTC: 	 Error: BParking_RunA_Mini/crab_projects/crab_SkimTau3Mu_BParking_Run2018A_BPH5_Mini_v4-TightSkim/ is not a valid CRAB project directory.
ERROR 2020-05-04 15:53:22.442 UTC: 	 Caught ClientException exception
Traceback (most recent call last):
  File "/cvmfs/cms.cern.ch/share/cms/crab-prod/3.3.2003/bin/crab", line 165, in <module>
    client()
  File "/cvmfs/cms.cern.ch/share/cms/crab-prod/3.3.2003/bin/crab", line 150, in __call__
    self.cmd = sub_cmd(self.logger, args[1:])
  File "/cvmfs/cms.cern.ch/share/cms/crab-prod/3.3.2003/lib/CRABClient/Commands/status.py", line 41, in __init__
    SubCommand.__init__(self, logger, cmdargs)
  File "/cvmfs/cms.cern.ch/share/cms/crab-prod/3.3.2003/lib/CRABClient/Commands/SubCommand.py", line 277, in __init__
    SubCommand.validateOptions(self)
  File "/cvmfs/cms.cern.ch/share/cms/crab-prod/3.3.2003/lib/CRABClient/Commands/SubCommand.py", line 604, in validateOptions
    raise ConfigurationException(msg)
ConfigurationException: [91mError[0m: BParking_RunA_Mini/crab_projects/crab_SkimTau3Mu_BParking_Run2018A_BPH5_Mini_v4-TightSkim/ is not a valid CRAB project directory.
DEBUG 2020-05-06 14:21:02.700 UTC: 	 Running on: Linux ui02.recas.ba.infn.it 3.10.0-862.14.4.el7.x86_64 #1 SMP Wed Sep 26 15:12:11 UTC 2018 x86_64 x86_64 x86_64 GNU/Linux - CentOS Linux 7 (Core)
DEBUG 2020-05-06 14:21:02.712 UTC: 	 OpenSSl version: OpenSSL 1.0.2k-fips  26 Jan 2017 (Library: OpenSSL 1.0.2d-fips 9 Jul 2015)
DEBUG 2020-05-06 14:21:02.712 UTC: 	 Executing command: 'status'
DEBUG 2020-05-06 14:21:02.713 UTC: 	 Found CRAB cache file /lustre/home/venditti/.crab3
DEBUG 2020-05-06 15:45:02.848 UTC: 	 Running on: Linux ui03.recas.ba.infn.it 3.10.0-862.14.4.el7.x86_64 #1 SMP Wed Sep 26 15:12:11 UTC 2018 x86_64 x86_64 x86_64 GNU/Linux - CentOS Linux 7 (Core)
DEBUG 2020-05-06 15:45:02.871 UTC: 	 OpenSSl version: OpenSSL 1.0.2k-fips  26 Jan 2017 (Library: OpenSSL 1.0.2d-fips 9 Jul 2015)
DEBUG 2020-05-06 15:45:02.871 UTC: 	 Executing command: 'submit'
DEBUG 2020-05-06 15:45:02.886 UTC: 	 Found CRAB cache file /lustre/home/venditti/.crab3
DEBUG 2020-05-06 15:45:02.897 UTC: 	 Checking credentials
DEBUG 2020-05-06 15:45:02.898 UTC: 	 Found proxy file /tmp/x509up_u50797
DEBUG 2020-05-06 15:45:02.898 UTC: 	 Getting proxy life time left
DEBUG 2020-05-06 15:45:03.703 UTC: 	 Executing : 
 command : voms-proxy-info -file /tmp/x509up_u50797 -timeleft
 output : 42476

 error: 
 retcode : 0
DEBUG 2020-05-06 15:45:04.510 UTC: 	 Executing : 
 command : voms-proxy-info -file /tmp/x509up_u50797 -actimeleft
 output : 42475

 error: 
 retcode : 0
DEBUG 2020-05-06 15:45:04.510 UTC: 	 Proxy lifetime 42476 secs is different from voms extension lifetime 42475 secs for proxy: /tmp/x509up_u50797
DEBUG 2020-05-06 15:45:04.510 UTC: 	 Proxy valid for 11:47:55 hours
INFO 2020-05-06 15:45:04.510 UTC: 	 Will use CRAB configuration file crab_T3Mu_BPH4_RunA_cfg.py
DEBUG 2020-05-06 15:45:04.511 UTC: 	 Loading CRAB configuration file.
DEBUG 2020-05-06 15:45:04.515 UTC: 	 Will use CRAB Analysis plugin (i.e. will run an analysis job type).
ERROR 2020-05-06 15:45:04.516 UTC: 	 Working area '/lustrehome/venditti/Tau3Mu_MiniAOD/CMSSW_10_2_1/src/CrabSubmission/Data/BParking_RunA_Mini/crab_projects/crab_SkimTau3Mu_BParking_Run2018A_BPH4_Mini_v5' already exists 
Please change the requestName in the config file
ERROR 2020-05-06 15:45:04.516 UTC: 	 Caught ClientException exception
Traceback (most recent call last):
  File "/cvmfs/cms.cern.ch/share/cms/crab-prod/3.3.2003/bin/crab", line 165, in <module>
    client()
  File "/cvmfs/cms.cern.ch/share/cms/crab-prod/3.3.2003/bin/crab", line 150, in __call__
    self.cmd = sub_cmd(self.logger, args[1:])
  File "/cvmfs/cms.cern.ch/share/cms/crab-prod/3.3.2003/lib/CRABClient/Commands/submit.py", line 35, in __init__
    SubCommand.__init__(self, logger, cmdargs, disable_interspersed_args=True)
  File "/cvmfs/cms.cern.ch/share/cms/crab-prod/3.3.2003/lib/CRABClient/Commands/SubCommand.py", line 324, in __init__
    getattr(self.configuration.General, 'requestName', None))
  File "/cvmfs/cms.cern.ch/share/cms/crab-prod/3.3.2003/lib/CRABClient/ClientUtilities.py", line 418, in createWorkArea
    raise ConfigException("Working area '%s' already exists \nPlease change the requestName in the config file" % fullpath)
ConfigException: Working area '/lustrehome/venditti/Tau3Mu_MiniAOD/CMSSW_10_2_1/src/CrabSubmission/Data/BParking_RunA_Mini/crab_projects/crab_SkimTau3Mu_BParking_Run2018A_BPH4_Mini_v5' already exists 
Please change the requestName in the config file
DEBUG 2020-05-07 10:46:45.349 UTC: 	 Running on: Linux ui03.recas.ba.infn.it 3.10.0-862.14.4.el7.x86_64 #1 SMP Wed Sep 26 15:12:11 UTC 2018 x86_64 x86_64 x86_64 GNU/Linux - CentOS Linux 7 (Core)
DEBUG 2020-05-07 10:46:45.368 UTC: 	 OpenSSl version: OpenSSL 1.0.2k-fips  26 Jan 2017 (Library: OpenSSL 1.0.2d-fips 9 Jul 2015)
DEBUG 2020-05-07 10:46:45.368 UTC: 	 Executing command: 'submit'
DEBUG 2020-05-07 10:46:45.369 UTC: 	 Found CRAB cache file /lustre/home/venditti/.crab3
DEBUG 2020-05-07 10:46:45.375 UTC: 	 Checking credentials
DEBUG 2020-05-07 10:46:45.376 UTC: 	 Found proxy file /tmp/x509up_u50797
DEBUG 2020-05-07 10:46:45.376 UTC: 	 Getting proxy life time left
DEBUG 2020-05-07 10:46:46.080 UTC: 	 Executing : 
 command : voms-proxy-info -file /tmp/x509up_u50797 -timeleft
 output : 42080

 error: 
 retcode : 0
DEBUG 2020-05-07 10:46:46.786 UTC: 	 Executing : 
 command : voms-proxy-info -file /tmp/x509up_u50797 -actimeleft
 output : 42080

 error: 
 retcode : 0
DEBUG 2020-05-07 10:46:46.786 UTC: 	 Proxy valid for 11:41:20 hours
INFO 2020-05-07 10:46:46.786 UTC: 	 Will use CRAB configuration file crab_T3Mu_BPH4_RunA_lumi1_cfg.py
DEBUG 2020-05-07 10:46:46.786 UTC: 	 Loading CRAB configuration file.
DEBUG 2020-05-07 10:46:46.788 UTC: 	 Will use CRAB Analysis plugin (i.e. will run an analysis job type).
ERROR 2020-05-07 10:46:46.789 UTC: 	 Working area '/lustrehome/venditti/Tau3Mu_MiniAOD/CMSSW_10_2_1/src/CrabSubmission/Data/BParking_RunA_Mini/crab_projects/crab_SkimTau3Mu_BParking_Run2018A_BPH4_Mini_lumi1_v5' already exists 
Please change the requestName in the config file
ERROR 2020-05-07 10:46:46.789 UTC: 	 Caught ClientException exception
Traceback (most recent call last):
  File "/cvmfs/cms.cern.ch/share/cms/crab-prod/3.3.2003/bin/crab", line 165, in <module>
    client()
  File "/cvmfs/cms.cern.ch/share/cms/crab-prod/3.3.2003/bin/crab", line 150, in __call__
    self.cmd = sub_cmd(self.logger, args[1:])
  File "/cvmfs/cms.cern.ch/share/cms/crab-prod/3.3.2003/lib/CRABClient/Commands/submit.py", line 35, in __init__
    SubCommand.__init__(self, logger, cmdargs, disable_interspersed_args=True)
  File "/cvmfs/cms.cern.ch/share/cms/crab-prod/3.3.2003/lib/CRABClient/Commands/SubCommand.py", line 324, in __init__
    getattr(self.configuration.General, 'requestName', None))
  File "/cvmfs/cms.cern.ch/share/cms/crab-prod/3.3.2003/lib/CRABClient/ClientUtilities.py", line 418, in createWorkArea
    raise ConfigException("Working area '%s' already exists \nPlease change the requestName in the config file" % fullpath)
ConfigException: Working area '/lustrehome/venditti/Tau3Mu_MiniAOD/CMSSW_10_2_1/src/CrabSubmission/Data/BParking_RunA_Mini/crab_projects/crab_SkimTau3Mu_BParking_Run2018A_BPH4_Mini_lumi1_v5' already exists 
Please change the requestName in the config file
DEBUG 2020-05-07 11:04:09.785 UTC: 	 Running on: Linux ui03.recas.ba.infn.it 3.10.0-862.14.4.el7.x86_64 #1 SMP Wed Sep 26 15:12:11 UTC 2018 x86_64 x86_64 x86_64 GNU/Linux - CentOS Linux 7 (Core)
DEBUG 2020-05-07 11:04:09.801 UTC: 	 OpenSSl version: OpenSSL 1.0.2k-fips  26 Jan 2017 (Library: OpenSSL 1.0.2d-fips 9 Jul 2015)
DEBUG 2020-05-07 11:04:09.801 UTC: 	 Executing command: 'status'
DEBUG 2020-05-07 11:04:09.867 UTC: 	 Found CRAB cache file /lustre/home/venditti/.crab3
ERROR 2020-05-07 11:04:09.868 UTC: 	 Cannot find .requestcache file in CRAB project directory /lustrehome/venditti/Tau3Mu_MiniAOD/CMSSW_10_2_1/src/CrabSubmission/Data/BParking_RunA_Mini/crab_projects/crab_SkimTau3Mu_BParking_Run2018A_BPH4_Mini_lumi1_v5
ERROR 2020-05-07 11:04:09.869 UTC: 	 Caught ClientException exception
Traceback (most recent call last):
  File "/cvmfs/cms.cern.ch/share/cms/crab-prod/3.3.2003/bin/crab", line 165, in <module>
    client()
  File "/cvmfs/cms.cern.ch/share/cms/crab-prod/3.3.2003/bin/crab", line 150, in __call__
    self.cmd = sub_cmd(self.logger, args[1:])
  File "/cvmfs/cms.cern.ch/share/cms/crab-prod/3.3.2003/lib/CRABClient/Commands/status.py", line 41, in __init__
    SubCommand.__init__(self, logger, cmdargs)
  File "/cvmfs/cms.cern.ch/share/cms/crab-prod/3.3.2003/lib/CRABClient/Commands/SubCommand.py", line 277, in __init__
    SubCommand.validateOptions(self)
  File "/cvmfs/cms.cern.ch/share/cms/crab-prod/3.3.2003/lib/CRABClient/Commands/SubCommand.py", line 608, in validateOptions
    self.loadLocalCache()
  File "/cvmfs/cms.cern.ch/share/cms/crab-prod/3.3.2003/lib/CRABClient/Commands/SubCommand.py", line 470, in loadLocalCache
    raise ex
CachefileNotFoundException: Cannot find .requestcache file in CRAB project directory /lustrehome/venditti/Tau3Mu_MiniAOD/CMSSW_10_2_1/src/CrabSubmission/Data/BParking_RunA_Mini/crab_projects/crab_SkimTau3Mu_BParking_Run2018A_BPH4_Mini_lumi1_v5
DEBUG 2020-05-07 11:04:30.978 UTC: 	 Running on: Linux ui03.recas.ba.infn.it 3.10.0-862.14.4.el7.x86_64 #1 SMP Wed Sep 26 15:12:11 UTC 2018 x86_64 x86_64 x86_64 GNU/Linux - CentOS Linux 7 (Core)
DEBUG 2020-05-07 11:04:30.993 UTC: 	 OpenSSl version: OpenSSL 1.0.2k-fips  26 Jan 2017 (Library: OpenSSL 1.0.2d-fips 9 Jul 2015)
DEBUG 2020-05-07 11:04:30.993 UTC: 	 Executing command: 'purge'
DEBUG 2020-05-07 11:04:30.994 UTC: 	 Found CRAB cache file /lustre/home/venditti/.crab3
ERROR 2020-05-07 11:04:30.995 UTC: 	 Cannot find .requestcache file in CRAB project directory /lustrehome/venditti/Tau3Mu_MiniAOD/CMSSW_10_2_1/src/CrabSubmission/Data/BParking_RunA_Mini/crab_projects/crab_SkimTau3Mu_BParking_Run2018A_BPH4_Mini_lumi1_v5
ERROR 2020-05-07 11:04:30.995 UTC: 	 Caught ClientException exception
Traceback (most recent call last):
  File "/cvmfs/cms.cern.ch/share/cms/crab-prod/3.3.2003/bin/crab", line 165, in <module>
    client()
  File "/cvmfs/cms.cern.ch/share/cms/crab-prod/3.3.2003/bin/crab", line 150, in __call__
    self.cmd = sub_cmd(self.logger, args[1:])
  File "/cvmfs/cms.cern.ch/share/cms/crab-prod/3.3.2003/lib/CRABClient/Commands/SubCommand.py", line 277, in __init__
    SubCommand.validateOptions(self)
  File "/cvmfs/cms.cern.ch/share/cms/crab-prod/3.3.2003/lib/CRABClient/Commands/SubCommand.py", line 608, in validateOptions
    self.loadLocalCache()
  File "/cvmfs/cms.cern.ch/share/cms/crab-prod/3.3.2003/lib/CRABClient/Commands/SubCommand.py", line 470, in loadLocalCache
    raise ex
CachefileNotFoundException: Cannot find .requestcache file in CRAB project directory /lustrehome/venditti/Tau3Mu_MiniAOD/CMSSW_10_2_1/src/CrabSubmission/Data/BParking_RunA_Mini/crab_projects/crab_SkimTau3Mu_BParking_Run2018A_BPH4_Mini_lumi1_v5
DEBUG 2020-05-07 11:04:39.975 UTC: 	 Running on: Linux ui03.recas.ba.infn.it 3.10.0-862.14.4.el7.x86_64 #1 SMP Wed Sep 26 15:12:11 UTC 2018 x86_64 x86_64 x86_64 GNU/Linux - CentOS Linux 7 (Core)
DEBUG 2020-05-07 11:04:39.994 UTC: 	 OpenSSl version: OpenSSL 1.0.2k-fips  26 Jan 2017 (Library: OpenSSL 1.0.2d-fips 9 Jul 2015)
DEBUG 2020-05-07 11:04:39.994 UTC: 	 Executing command: 'purge'
DEBUG 2020-05-07 11:04:39.994 UTC: 	 Found CRAB cache file /lustre/home/venditti/.crab3
ERROR 2020-05-07 11:04:39.995 UTC: 	 Error: Please indicate the CRAB project directory with --dir=<project-directory>.
ERROR 2020-05-07 11:04:39.995 UTC: 	 Caught ClientException exception
Traceback (most recent call last):
  File "/cvmfs/cms.cern.ch/share/cms/crab-prod/3.3.2003/bin/crab", line 165, in <module>
    client()
  File "/cvmfs/cms.cern.ch/share/cms/crab-prod/3.3.2003/bin/crab", line 150, in __call__
    self.cmd = sub_cmd(self.logger, args[1:])
  File "/cvmfs/cms.cern.ch/share/cms/crab-prod/3.3.2003/lib/CRABClient/Commands/SubCommand.py", line 277, in __init__
    SubCommand.validateOptions(self)
  File "/cvmfs/cms.cern.ch/share/cms/crab-prod/3.3.2003/lib/CRABClient/Commands/SubCommand.py", line 600, in validateOptions
    raise ex
MissingOptionException: [91mError[0m: Please indicate the CRAB project directory with --dir=<project-directory>.
DEBUG 2020-05-07 13:21:25.559 UTC: 	 Running on: Linux ui02.recas.ba.infn.it 3.10.0-862.14.4.el7.x86_64 #1 SMP Wed Sep 26 15:12:11 UTC 2018 x86_64 x86_64 x86_64 GNU/Linux - CentOS Linux 7 (Core)
DEBUG 2020-05-07 13:21:25.570 UTC: 	 OpenSSl version: OpenSSL 1.0.2k-fips  26 Jan 2017 (Library: OpenSSL 1.0.2d-fips 9 Jul 2015)
DEBUG 2020-05-07 13:21:25.571 UTC: 	 Executing command: 'status'
DEBUG 2020-05-07 13:21:25.579 UTC: 	 Found CRAB cache file /lustre/home/venditti/.crab3
ERROR 2020-05-07 13:21:25.580 UTC: 	 Cannot find .requestcache file in CRAB project directory /lustrehome/venditti/Tau3Mu_MiniAOD/CMSSW_10_2_1/src/CrabSubmission/Data/BParking_RunA_Mini/crab_projects
ERROR 2020-05-07 13:21:25.580 UTC: 	 Caught ClientException exception
Traceback (most recent call last):
  File "/cvmfs/cms.cern.ch/share/cms/crab-prod/3.3.2003/bin/crab", line 165, in <module>
    client()
  File "/cvmfs/cms.cern.ch/share/cms/crab-prod/3.3.2003/bin/crab", line 150, in __call__
    self.cmd = sub_cmd(self.logger, args[1:])
  File "/cvmfs/cms.cern.ch/share/cms/crab-prod/3.3.2003/lib/CRABClient/Commands/status.py", line 41, in __init__
    SubCommand.__init__(self, logger, cmdargs)
  File "/cvmfs/cms.cern.ch/share/cms/crab-prod/3.3.2003/lib/CRABClient/Commands/SubCommand.py", line 277, in __init__
    SubCommand.validateOptions(self)
  File "/cvmfs/cms.cern.ch/share/cms/crab-prod/3.3.2003/lib/CRABClient/Commands/SubCommand.py", line 608, in validateOptions
    self.loadLocalCache()
  File "/cvmfs/cms.cern.ch/share/cms/crab-prod/3.3.2003/lib/CRABClient/Commands/SubCommand.py", line 470, in loadLocalCache
    raise ex
CachefileNotFoundException: Cannot find .requestcache file in CRAB project directory /lustrehome/venditti/Tau3Mu_MiniAOD/CMSSW_10_2_1/src/CrabSubmission/Data/BParking_RunA_Mini/crab_projects
DEBUG 2020-05-07 13:26:33.270 UTC: 	 Running on: Linux ui02.recas.ba.infn.it 3.10.0-862.14.4.el7.x86_64 #1 SMP Wed Sep 26 15:12:11 UTC 2018 x86_64 x86_64 x86_64 GNU/Linux - CentOS Linux 7 (Core)
DEBUG 2020-05-07 13:26:33.281 UTC: 	 OpenSSl version: OpenSSL 1.0.2k-fips  26 Jan 2017 (Library: OpenSSL 1.0.2d-fips 9 Jul 2015)
DEBUG 2020-05-07 13:26:33.282 UTC: 	 Executing command: 'submit'
DEBUG 2020-05-07 13:26:33.282 UTC: 	 Found CRAB cache file /lustre/home/venditti/.crab3
DEBUG 2020-05-07 13:26:33.287 UTC: 	 Checking credentials
DEBUG 2020-05-07 13:26:33.287 UTC: 	 Found proxy file /tmp/x509up_u50797
DEBUG 2020-05-07 13:26:33.287 UTC: 	 Getting proxy life time left
DEBUG 2020-05-07 13:26:33.990 UTC: 	 Executing : 
 command : voms-proxy-info -file /tmp/x509up_u50797 -timeleft
 output : 42831

 error: 
 retcode : 0
DEBUG 2020-05-07 13:26:34.594 UTC: 	 Executing : 
 command : voms-proxy-info -file /tmp/x509up_u50797 -actimeleft
 output : 42830

 error: 
 retcode : 0
DEBUG 2020-05-07 13:26:34.595 UTC: 	 Proxy lifetime 42831 secs is different from voms extension lifetime 42830 secs for proxy: /tmp/x509up_u50797
DEBUG 2020-05-07 13:26:34.595 UTC: 	 Proxy valid for 11:53:50 hours
INFO 2020-05-07 13:26:34.595 UTC: 	 Will use CRAB configuration file crab_T3Mu_BPH5_RunA_cfg.py
DEBUG 2020-05-07 13:26:34.595 UTC: 	 Loading CRAB configuration file.
DEBUG 2020-05-07 13:26:34.601 UTC: 	 Will use CRAB Analysis plugin (i.e. will run an analysis job type).
ERROR 2020-05-07 13:26:34.603 UTC: 	 Working area '/lustrehome/venditti/Tau3Mu_MiniAOD/CMSSW_10_2_1/src/CrabSubmission/Data/BParking_RunA_Mini/crab_projects/crab_SkimTau3Mu_BParking_Run2018A_BPH5_Mini_v5' already exists 
Please change the requestName in the config file
ERROR 2020-05-07 13:26:34.603 UTC: 	 Caught ClientException exception
Traceback (most recent call last):
  File "/cvmfs/cms.cern.ch/share/cms/crab-prod/3.3.2003/bin/crab", line 165, in <module>
    client()
  File "/cvmfs/cms.cern.ch/share/cms/crab-prod/3.3.2003/bin/crab", line 150, in __call__
    self.cmd = sub_cmd(self.logger, args[1:])
  File "/cvmfs/cms.cern.ch/share/cms/crab-prod/3.3.2003/lib/CRABClient/Commands/submit.py", line 35, in __init__
    SubCommand.__init__(self, logger, cmdargs, disable_interspersed_args=True)
  File "/cvmfs/cms.cern.ch/share/cms/crab-prod/3.3.2003/lib/CRABClient/Commands/SubCommand.py", line 324, in __init__
    getattr(self.configuration.General, 'requestName', None))
  File "/cvmfs/cms.cern.ch/share/cms/crab-prod/3.3.2003/lib/CRABClient/ClientUtilities.py", line 418, in createWorkArea
    raise ConfigException("Working area '%s' already exists \nPlease change the requestName in the config file" % fullpath)
ConfigException: Working area '/lustrehome/venditti/Tau3Mu_MiniAOD/CMSSW_10_2_1/src/CrabSubmission/Data/BParking_RunA_Mini/crab_projects/crab_SkimTau3Mu_BParking_Run2018A_BPH5_Mini_v5' already exists 
Please change the requestName in the config file
DEBUG 2020-05-10 07:29:25.796 UTC: 	 Running on: Linux ui03.recas.ba.infn.it 3.10.0-862.14.4.el7.x86_64 #1 SMP Wed Sep 26 15:12:11 UTC 2018 x86_64 x86_64 x86_64 GNU/Linux - CentOS Linux 7 (Core)
DEBUG 2020-05-10 07:29:25.808 UTC: 	 OpenSSl version: OpenSSL 1.0.2k-fips  26 Jan 2017 (Library: OpenSSL 1.0.2d-fips 9 Jul 2015)
DEBUG 2020-05-10 07:29:25.808 UTC: 	 Executing command: 'submit'
DEBUG 2020-05-10 07:29:25.809 UTC: 	 Found CRAB cache file /lustre/home/venditti/.crab3
INFO 2020-05-10 07:29:25.810 UTC: 	 Will use CRAB configuration file crab_T3Mu_BPH5_RunA_cfg.py
DEBUG 2020-05-10 07:29:25.810 UTC: 	 Loading CRAB configuration file.
ERROR 2020-05-10 07:29:25.811 UTC: 	 Error while loading CRAB configuration:
cannot import name getUsernameFromSiteDB
Please refer to https://twiki.cern.ch/twiki/bin/view/CMSPublic/CRAB3CommonErrors#Syntax_error_in_CRAB_configurati
See the ./crab.log file for more details.
The documentation about the CRAB configuration file can be found in https://twiki.cern.ch/twiki/bin/view/CMSPublic/CRAB3ConfigurationFile
ERROR 2020-05-10 07:29:25.811 UTC: 	 Caught ClientException exception
Traceback (most recent call last):
  File "/cvmfs/cms.cern.ch/share/cms/crab-prod/3.3.2004/bin/crab", line 165, in <module>
    client()
  File "/cvmfs/cms.cern.ch/share/cms/crab-prod/3.3.2004/bin/crab", line 150, in __call__
    self.cmd = sub_cmd(self.logger, args[1:])
  File "/cvmfs/cms.cern.ch/share/cms/crab-prod/3.3.2004/lib/CRABClient/Commands/submit.py", line 35, in __init__
    SubCommand.__init__(self, logger, cmdargs, disable_interspersed_args=True)
  File "/cvmfs/cms.cern.ch/share/cms/crab-prod/3.3.2004/lib/CRABClient/Commands/SubCommand.py", line 318, in __init__
    self.loadConfig(self.options.config, self.args)
  File "/cvmfs/cms.cern.ch/share/cms/crab-prod/3.3.2004/lib/CRABClient/Commands/SubCommand.py", line 88, in loadConfig
    raise ConfigurationException(configmsg)
ConfigurationException: Error while loading CRAB configuration:
cannot import name getUsernameFromSiteDB
Please refer to https://twiki.cern.ch/twiki/bin/view/CMSPublic/CRAB3CommonErrors#Syntax_error_in_CRAB_configurati
See the ./crab.log file for more details.
The documentation about the CRAB configuration file can be found in https://twiki.cern.ch/twiki/bin/view/CMSPublic/CRAB3ConfigurationFile
DEBUG 2020-05-10 07:29:52.537 UTC: 	 Running on: Linux ui03.recas.ba.infn.it 3.10.0-862.14.4.el7.x86_64 #1 SMP Wed Sep 26 15:12:11 UTC 2018 x86_64 x86_64 x86_64 GNU/Linux - CentOS Linux 7 (Core)
DEBUG 2020-05-10 07:29:52.549 UTC: 	 OpenSSl version: OpenSSL 1.0.2k-fips  26 Jan 2017 (Library: OpenSSL 1.0.2d-fips 9 Jul 2015)
DEBUG 2020-05-10 07:29:52.549 UTC: 	 Executing command: 'submit'
DEBUG 2020-05-10 07:29:52.549 UTC: 	 Found CRAB cache file /lustre/home/venditti/.crab3
INFO 2020-05-10 07:29:52.550 UTC: 	 Will use CRAB configuration file crab_T3Mu_BPH5_RunA_cfg.py
DEBUG 2020-05-10 07:29:52.550 UTC: 	 Loading CRAB configuration file.
ERROR 2020-05-10 07:29:52.551 UTC: 	 Error while loading CRAB configuration:
cannot import name getUsernameFromSiteDB
Please refer to https://twiki.cern.ch/twiki/bin/view/CMSPublic/CRAB3CommonErrors#Syntax_error_in_CRAB_configurati
See the ./crab.log file for more details.
The documentation about the CRAB configuration file can be found in https://twiki.cern.ch/twiki/bin/view/CMSPublic/CRAB3ConfigurationFile
ERROR 2020-05-10 07:29:52.551 UTC: 	 Caught ClientException exception
Traceback (most recent call last):
  File "/cvmfs/cms.cern.ch/share/cms/crab-prod/3.3.2004/bin/crab", line 165, in <module>
    client()
  File "/cvmfs/cms.cern.ch/share/cms/crab-prod/3.3.2004/bin/crab", line 150, in __call__
    self.cmd = sub_cmd(self.logger, args[1:])
  File "/cvmfs/cms.cern.ch/share/cms/crab-prod/3.3.2004/lib/CRABClient/Commands/submit.py", line 35, in __init__
    SubCommand.__init__(self, logger, cmdargs, disable_interspersed_args=True)
  File "/cvmfs/cms.cern.ch/share/cms/crab-prod/3.3.2004/lib/CRABClient/Commands/SubCommand.py", line 318, in __init__
    self.loadConfig(self.options.config, self.args)
  File "/cvmfs/cms.cern.ch/share/cms/crab-prod/3.3.2004/lib/CRABClient/Commands/SubCommand.py", line 88, in loadConfig
    raise ConfigurationException(configmsg)
ConfigurationException: Error while loading CRAB configuration:
cannot import name getUsernameFromSiteDB
Please refer to https://twiki.cern.ch/twiki/bin/view/CMSPublic/CRAB3CommonErrors#Syntax_error_in_CRAB_configurati
See the ./crab.log file for more details.
The documentation about the CRAB configuration file can be found in https://twiki.cern.ch/twiki/bin/view/CMSPublic/CRAB3ConfigurationFile
DEBUG 2020-05-10 07:34:12.901 UTC: 	 Running on: Linux ui03.recas.ba.infn.it 3.10.0-862.14.4.el7.x86_64 #1 SMP Wed Sep 26 15:12:11 UTC 2018 x86_64 x86_64 x86_64 GNU/Linux - CentOS Linux 7 (Core)
DEBUG 2020-05-10 07:34:12.917 UTC: 	 OpenSSl version: OpenSSL 1.0.2k-fips  26 Jan 2017 (Library: OpenSSL 1.0.2d-fips 9 Jul 2015)
DEBUG 2020-05-10 07:34:12.917 UTC: 	 Executing command: 'submit'
DEBUG 2020-05-10 07:34:12.918 UTC: 	 Found CRAB cache file /lustre/home/venditti/.crab3
INFO 2020-05-10 07:34:12.919 UTC: 	 Will use CRAB configuration file crab_T3Mu_BPH1_RunA_cfg.py
DEBUG 2020-05-10 07:34:12.919 UTC: 	 Loading CRAB configuration file.
ERROR 2020-05-10 07:34:12.923 UTC: 	 Error while loading CRAB configuration:
cannot import name getUsernameFromSiteDB
Please refer to https://twiki.cern.ch/twiki/bin/view/CMSPublic/CRAB3CommonErrors#Syntax_error_in_CRAB_configurati
See the ./crab.log file for more details.
The documentation about the CRAB configuration file can be found in https://twiki.cern.ch/twiki/bin/view/CMSPublic/CRAB3ConfigurationFile
ERROR 2020-05-10 07:34:12.923 UTC: 	 Caught ClientException exception
Traceback (most recent call last):
  File "/cvmfs/cms.cern.ch/share/cms/crab-prod/3.3.2004/bin/crab", line 165, in <module>
    client()
  File "/cvmfs/cms.cern.ch/share/cms/crab-prod/3.3.2004/bin/crab", line 150, in __call__
    self.cmd = sub_cmd(self.logger, args[1:])
  File "/cvmfs/cms.cern.ch/share/cms/crab-prod/3.3.2004/lib/CRABClient/Commands/submit.py", line 35, in __init__
    SubCommand.__init__(self, logger, cmdargs, disable_interspersed_args=True)
  File "/cvmfs/cms.cern.ch/share/cms/crab-prod/3.3.2004/lib/CRABClient/Commands/SubCommand.py", line 318, in __init__
    self.loadConfig(self.options.config, self.args)
  File "/cvmfs/cms.cern.ch/share/cms/crab-prod/3.3.2004/lib/CRABClient/Commands/SubCommand.py", line 88, in loadConfig
    raise ConfigurationException(configmsg)
ConfigurationException: Error while loading CRAB configuration:
cannot import name getUsernameFromSiteDB
Please refer to https://twiki.cern.ch/twiki/bin/view/CMSPublic/CRAB3CommonErrors#Syntax_error_in_CRAB_configurati
See the ./crab.log file for more details.
The documentation about the CRAB configuration file can be found in https://twiki.cern.ch/twiki/bin/view/CMSPublic/CRAB3ConfigurationFile
DEBUG 2020-05-10 07:40:16.912 UTC: 	 Running on: Linux ui03.recas.ba.infn.it 3.10.0-862.14.4.el7.x86_64 #1 SMP Wed Sep 26 15:12:11 UTC 2018 x86_64 x86_64 x86_64 GNU/Linux - CentOS Linux 7 (Core)
DEBUG 2020-05-10 07:40:16.924 UTC: 	 OpenSSl version: OpenSSL 1.0.2k-fips  26 Jan 2017 (Library: OpenSSL 1.0.2d-fips 9 Jul 2015)
DEBUG 2020-05-10 07:40:16.924 UTC: 	 Executing command: 'submit'
DEBUG 2020-05-10 07:40:16.924 UTC: 	 Found CRAB cache file /lustre/home/venditti/.crab3
INFO 2020-05-10 07:40:16.925 UTC: 	 Will use CRAB configuration file crab_T3Mu_BPH1_RunA_cfg.py
DEBUG 2020-05-10 07:40:16.925 UTC: 	 Loading CRAB configuration file.
ERROR 2020-05-10 07:40:16.927 UTC: 	 Error while loading CRAB configuration:
cannot import name getUsernameFromSiteDB
Please refer to https://twiki.cern.ch/twiki/bin/view/CMSPublic/CRAB3CommonErrors#Syntax_error_in_CRAB_configurati
See the ./crab.log file for more details.
The documentation about the CRAB configuration file can be found in https://twiki.cern.ch/twiki/bin/view/CMSPublic/CRAB3ConfigurationFile
ERROR 2020-05-10 07:40:16.928 UTC: 	 Caught ClientException exception
Traceback (most recent call last):
  File "/cvmfs/cms.cern.ch/share/cms/crab-prod/3.3.2004/bin/crab", line 165, in <module>
    client()
  File "/cvmfs/cms.cern.ch/share/cms/crab-prod/3.3.2004/bin/crab", line 150, in __call__
    self.cmd = sub_cmd(self.logger, args[1:])
  File "/cvmfs/cms.cern.ch/share/cms/crab-prod/3.3.2004/lib/CRABClient/Commands/submit.py", line 35, in __init__
    SubCommand.__init__(self, logger, cmdargs, disable_interspersed_args=True)
  File "/cvmfs/cms.cern.ch/share/cms/crab-prod/3.3.2004/lib/CRABClient/Commands/SubCommand.py", line 318, in __init__
    self.loadConfig(self.options.config, self.args)
  File "/cvmfs/cms.cern.ch/share/cms/crab-prod/3.3.2004/lib/CRABClient/Commands/SubCommand.py", line 88, in loadConfig
    raise ConfigurationException(configmsg)
ConfigurationException: Error while loading CRAB configuration:
cannot import name getUsernameFromSiteDB
Please refer to https://twiki.cern.ch/twiki/bin/view/CMSPublic/CRAB3CommonErrors#Syntax_error_in_CRAB_configurati
See the ./crab.log file for more details.
The documentation about the CRAB configuration file can be found in https://twiki.cern.ch/twiki/bin/view/CMSPublic/CRAB3ConfigurationFile
DEBUG 2020-05-11 07:19:42.675 UTC: 	 Running on: Linux ui02.recas.ba.infn.it 3.10.0-862.14.4.el7.x86_64 #1 SMP Wed Sep 26 15:12:11 UTC 2018 x86_64 x86_64 x86_64 GNU/Linux - CentOS Linux 7 (Core)
DEBUG 2020-05-11 07:19:42.688 UTC: 	 OpenSSl version: OpenSSL 1.0.2k-fips  26 Jan 2017 (Library: OpenSSL 1.0.2d-fips 9 Jul 2015)
DEBUG 2020-05-11 07:19:42.688 UTC: 	 Executing command: 'submit'
DEBUG 2020-05-11 07:19:42.690 UTC: 	 Found CRAB cache file /lustre/home/venditti/.crab3
INFO 2020-05-11 07:19:42.691 UTC: 	 Will use CRAB configuration file crab_T3Mu_BPH1_RunA_cfg.py
DEBUG 2020-05-11 07:19:42.691 UTC: 	 Loading CRAB configuration file.
ERROR 2020-05-11 07:19:42.693 UTC: 	 Error while loading CRAB configuration:
cannot import name getUsernameFromSiteDB
Please refer to https://twiki.cern.ch/twiki/bin/view/CMSPublic/CRAB3CommonErrors#Syntax_error_in_CRAB_configurati
See the ./crab.log file for more details.
The documentation about the CRAB configuration file can be found in https://twiki.cern.ch/twiki/bin/view/CMSPublic/CRAB3ConfigurationFile
ERROR 2020-05-11 07:19:42.693 UTC: 	 Caught ClientException exception
Traceback (most recent call last):
  File "/cvmfs/cms.cern.ch/share/cms/crab-prod/3.3.2004/bin/crab", line 165, in <module>
    client()
  File "/cvmfs/cms.cern.ch/share/cms/crab-prod/3.3.2004/bin/crab", line 150, in __call__
    self.cmd = sub_cmd(self.logger, args[1:])
  File "/cvmfs/cms.cern.ch/share/cms/crab-prod/3.3.2004/lib/CRABClient/Commands/submit.py", line 35, in __init__
    SubCommand.__init__(self, logger, cmdargs, disable_interspersed_args=True)
  File "/cvmfs/cms.cern.ch/share/cms/crab-prod/3.3.2004/lib/CRABClient/Commands/SubCommand.py", line 318, in __init__
    self.loadConfig(self.options.config, self.args)
  File "/cvmfs/cms.cern.ch/share/cms/crab-prod/3.3.2004/lib/CRABClient/Commands/SubCommand.py", line 88, in loadConfig
    raise ConfigurationException(configmsg)
ConfigurationException: Error while loading CRAB configuration:
cannot import name getUsernameFromSiteDB
Please refer to https://twiki.cern.ch/twiki/bin/view/CMSPublic/CRAB3CommonErrors#Syntax_error_in_CRAB_configurati
See the ./crab.log file for more details.
The documentation about the CRAB configuration file can be found in https://twiki.cern.ch/twiki/bin/view/CMSPublic/CRAB3ConfigurationFile
DEBUG 2020-05-11 07:40:43.140 UTC: 	 Running on: Linux ui02.recas.ba.infn.it 3.10.0-862.14.4.el7.x86_64 #1 SMP Wed Sep 26 15:12:11 UTC 2018 x86_64 x86_64 x86_64 GNU/Linux - CentOS Linux 7 (Core)
DEBUG 2020-05-11 07:40:43.151 UTC: 	 OpenSSl version: OpenSSL 1.0.2k-fips  26 Jan 2017 (Library: OpenSSL 1.0.2d-fips 9 Jul 2015)
DEBUG 2020-05-11 07:40:43.152 UTC: 	 Executing command: 'submit'
DEBUG 2020-05-11 07:40:43.152 UTC: 	 Found CRAB cache file /lustre/home/venditti/.crab3
DEBUG 2020-05-11 07:45:53.748 UTC: 	 Running on: Linux ui02.recas.ba.infn.it 3.10.0-862.14.4.el7.x86_64 #1 SMP Wed Sep 26 15:12:11 UTC 2018 x86_64 x86_64 x86_64 GNU/Linux - CentOS Linux 7 (Core)
DEBUG 2020-05-11 07:45:53.758 UTC: 	 OpenSSl version: OpenSSL 1.0.2k-fips  26 Jan 2017 (Library: OpenSSL 1.0.2d-fips 9 Jul 2015)
DEBUG 2020-05-11 07:45:53.759 UTC: 	 Executing command: 'submit'
DEBUG 2020-05-11 07:45:53.760 UTC: 	 Found CRAB cache file /lustre/home/venditti/.crab3
INFO 2020-05-11 07:45:53.760 UTC: 	 Will use CRAB configuration file crab_T3Mu_BPH1_RunA_cfg.py
DEBUG 2020-05-11 07:45:53.761 UTC: 	 Loading CRAB configuration file.
DEBUG 2020-05-11 07:45:53.763 UTC: 	 Will use CRAB Analysis plugin (i.e. will run an analysis job type).
ERROR 2020-05-11 07:45:53.764 UTC: 	 Working area '/lustrehome/venditti/Tau3Mu_MiniAOD/CMSSW_10_2_1/src/CrabSubmission/Data/BParking_RunA_Mini/crab_projects/crab_SkimTau3Mu_BParking_Run2018A_BPH1_Mini_v5' already exists 
Please change the requestName in the config file
ERROR 2020-05-11 07:45:53.764 UTC: 	 Caught ClientException exception
Traceback (most recent call last):
  File "/cvmfs/cms.cern.ch/share/cms/crab-prod/3.3.2004/bin/crab", line 165, in <module>
    client()
  File "/cvmfs/cms.cern.ch/share/cms/crab-prod/3.3.2004/bin/crab", line 150, in __call__
    self.cmd = sub_cmd(self.logger, args[1:])
  File "/cvmfs/cms.cern.ch/share/cms/crab-prod/3.3.2004/lib/CRABClient/Commands/submit.py", line 35, in __init__
    SubCommand.__init__(self, logger, cmdargs, disable_interspersed_args=True)
  File "/cvmfs/cms.cern.ch/share/cms/crab-prod/3.3.2004/lib/CRABClient/Commands/SubCommand.py", line 322, in __init__
    getattr(self.configuration.General, 'requestName', None))
  File "/cvmfs/cms.cern.ch/share/cms/crab-prod/3.3.2004/lib/CRABClient/ClientUtilities.py", line 418, in createWorkArea
    raise ConfigException("Working area '%s' already exists \nPlease change the requestName in the config file" % fullpath)
ConfigException: Working area '/lustrehome/venditti/Tau3Mu_MiniAOD/CMSSW_10_2_1/src/CrabSubmission/Data/BParking_RunA_Mini/crab_projects/crab_SkimTau3Mu_BParking_Run2018A_BPH1_Mini_v5' already exists 
Please change the requestName in the config file
DEBUG 2020-05-11 09:00:25.913 UTC: 	 Running on: Linux ui03.recas.ba.infn.it 3.10.0-862.14.4.el7.x86_64 #1 SMP Wed Sep 26 15:12:11 UTC 2018 x86_64 x86_64 x86_64 GNU/Linux - CentOS Linux 7 (Core)
DEBUG 2020-05-11 09:00:32.303 UTC: 	 Running on: Linux ui03.recas.ba.infn.it 3.10.0-862.14.4.el7.x86_64 #1 SMP Wed Sep 26 15:12:11 UTC 2018 x86_64 x86_64 x86_64 GNU/Linux - CentOS Linux 7 (Core)
DEBUG 2020-05-11 09:00:32.321 UTC: 	 OpenSSl version: OpenSSL 1.0.2k-fips  26 Jan 2017 (Library: OpenSSL 1.0.2d-fips 9 Jul 2015)
DEBUG 2020-05-11 09:00:32.322 UTC: 	 Executing command: 'submit'
DEBUG 2020-05-11 09:00:32.322 UTC: 	 Found CRAB cache file /lustre/home/venditti/.crab3
INFO 2020-05-11 09:00:32.323 UTC: 	 Will use CRAB configuration file crab_T3Mu_BPH6_RunA_cfg.py
DEBUG 2020-05-11 09:00:32.323 UTC: 	 Loading CRAB configuration file.
ERROR 2020-05-11 09:00:32.325 UTC: 	 Error while loading CRAB configuration:
invalid syntax (crab_T3Mu_BPH6_RunA_cfg.py, line 14)
Please refer to https://twiki.cern.ch/twiki/bin/view/CMSPublic/CRAB3CommonErrors#Syntax_error_in_CRAB_configurati
See the ./crab.log file for more details.
The documentation about the CRAB configuration file can be found in https://twiki.cern.ch/twiki/bin/view/CMSPublic/CRAB3ConfigurationFile
ERROR 2020-05-11 09:00:32.326 UTC: 	 Caught ClientException exception
Traceback (most recent call last):
  File "/cvmfs/cms.cern.ch/share/cms/crab-prod/3.3.2004/bin/crab", line 165, in <module>
    client()
  File "/cvmfs/cms.cern.ch/share/cms/crab-prod/3.3.2004/bin/crab", line 150, in __call__
    self.cmd = sub_cmd(self.logger, args[1:])
  File "/cvmfs/cms.cern.ch/share/cms/crab-prod/3.3.2004/lib/CRABClient/Commands/submit.py", line 35, in __init__
    SubCommand.__init__(self, logger, cmdargs, disable_interspersed_args=True)
  File "/cvmfs/cms.cern.ch/share/cms/crab-prod/3.3.2004/lib/CRABClient/Commands/SubCommand.py", line 318, in __init__
    self.loadConfig(self.options.config, self.args)
  File "/cvmfs/cms.cern.ch/share/cms/crab-prod/3.3.2004/lib/CRABClient/Commands/SubCommand.py", line 88, in loadConfig
    raise ConfigurationException(configmsg)
ConfigurationException: Error while loading CRAB configuration:
invalid syntax (crab_T3Mu_BPH6_RunA_cfg.py, line 14)
Please refer to https://twiki.cern.ch/twiki/bin/view/CMSPublic/CRAB3CommonErrors#Syntax_error_in_CRAB_configurati
See the ./crab.log file for more details.
The documentation about the CRAB configuration file can be found in https://twiki.cern.ch/twiki/bin/view/CMSPublic/CRAB3ConfigurationFile
DEBUG 2020-05-11 09:05:08.726 UTC: 	 Running on: Linux ui03.recas.ba.infn.it 3.10.0-862.14.4.el7.x86_64 #1 SMP Wed Sep 26 15:12:11 UTC 2018 x86_64 x86_64 x86_64 GNU/Linux - CentOS Linux 7 (Core)
DEBUG 2020-05-11 09:05:08.738 UTC: 	 OpenSSl version: OpenSSL 1.0.2k-fips  26 Jan 2017 (Library: OpenSSL 1.0.2d-fips 9 Jul 2015)
DEBUG 2020-05-11 09:05:08.739 UTC: 	 Executing command: 'submit'
DEBUG 2020-05-11 09:05:08.739 UTC: 	 Found CRAB cache file /lustre/home/venditti/.crab3
INFO 2020-05-11 09:05:08.740 UTC: 	 Will use CRAB configuration file crab_T3Mu_BPH6_RunA_cfg.py
DEBUG 2020-05-11 09:05:08.740 UTC: 	 Loading CRAB configuration file.
ERROR 2020-05-11 09:05:08.741 UTC: 	 Error while loading CRAB configuration:
invalid syntax (crab_T3Mu_BPH6_RunA_cfg.py, line 14)
Please refer to https://twiki.cern.ch/twiki/bin/view/CMSPublic/CRAB3CommonErrors#Syntax_error_in_CRAB_configurati
See the ./crab.log file for more details.
The documentation about the CRAB configuration file can be found in https://twiki.cern.ch/twiki/bin/view/CMSPublic/CRAB3ConfigurationFile
ERROR 2020-05-11 09:05:08.741 UTC: 	 Caught ClientException exception
Traceback (most recent call last):
  File "/cvmfs/cms.cern.ch/share/cms/crab-prod/3.3.2004/bin/crab", line 165, in <module>
    client()
  File "/cvmfs/cms.cern.ch/share/cms/crab-prod/3.3.2004/bin/crab", line 150, in __call__
    self.cmd = sub_cmd(self.logger, args[1:])
  File "/cvmfs/cms.cern.ch/share/cms/crab-prod/3.3.2004/lib/CRABClient/Commands/submit.py", line 35, in __init__
    SubCommand.__init__(self, logger, cmdargs, disable_interspersed_args=True)
  File "/cvmfs/cms.cern.ch/share/cms/crab-prod/3.3.2004/lib/CRABClient/Commands/SubCommand.py", line 318, in __init__
    self.loadConfig(self.options.config, self.args)
  File "/cvmfs/cms.cern.ch/share/cms/crab-prod/3.3.2004/lib/CRABClient/Commands/SubCommand.py", line 88, in loadConfig
    raise ConfigurationException(configmsg)
ConfigurationException: Error while loading CRAB configuration:
invalid syntax (crab_T3Mu_BPH6_RunA_cfg.py, line 14)
Please refer to https://twiki.cern.ch/twiki/bin/view/CMSPublic/CRAB3CommonErrors#Syntax_error_in_CRAB_configurati
See the ./crab.log file for more details.
The documentation about the CRAB configuration file can be found in https://twiki.cern.ch/twiki/bin/view/CMSPublic/CRAB3ConfigurationFile
DEBUG 2020-05-11 09:05:25.733 UTC: 	 Running on: Linux ui03.recas.ba.infn.it 3.10.0-862.14.4.el7.x86_64 #1 SMP Wed Sep 26 15:12:11 UTC 2018 x86_64 x86_64 x86_64 GNU/Linux - CentOS Linux 7 (Core)
DEBUG 2020-05-11 09:05:25.745 UTC: 	 OpenSSl version: OpenSSL 1.0.2k-fips  26 Jan 2017 (Library: OpenSSL 1.0.2d-fips 9 Jul 2015)
DEBUG 2020-05-11 09:05:25.745 UTC: 	 Executing command: 'submit'
DEBUG 2020-05-11 09:05:25.745 UTC: 	 Found CRAB cache file /lustre/home/venditti/.crab3
INFO 2020-05-11 09:05:25.746 UTC: 	 Will use CRAB configuration file crab_T3Mu_BPH6_RunA_cfg.py
DEBUG 2020-05-11 09:05:25.746 UTC: 	 Loading CRAB configuration file.
ERROR 2020-05-11 09:05:25.748 UTC: 	 Error while loading CRAB configuration:
name 'Data' is not defined
Please refer to https://twiki.cern.ch/twiki/bin/view/CMSPublic/CRAB3CommonErrors#Syntax_error_in_CRAB_configurati
See the ./crab.log file for more details.
The documentation about the CRAB configuration file can be found in https://twiki.cern.ch/twiki/bin/view/CMSPublic/CRAB3ConfigurationFile
ERROR 2020-05-11 09:05:25.749 UTC: 	 Caught ClientException exception
Traceback (most recent call last):
  File "/cvmfs/cms.cern.ch/share/cms/crab-prod/3.3.2004/bin/crab", line 165, in <module>
    client()
  File "/cvmfs/cms.cern.ch/share/cms/crab-prod/3.3.2004/bin/crab", line 150, in __call__
    self.cmd = sub_cmd(self.logger, args[1:])
  File "/cvmfs/cms.cern.ch/share/cms/crab-prod/3.3.2004/lib/CRABClient/Commands/submit.py", line 35, in __init__
    SubCommand.__init__(self, logger, cmdargs, disable_interspersed_args=True)
  File "/cvmfs/cms.cern.ch/share/cms/crab-prod/3.3.2004/lib/CRABClient/Commands/SubCommand.py", line 318, in __init__
    self.loadConfig(self.options.config, self.args)
  File "/cvmfs/cms.cern.ch/share/cms/crab-prod/3.3.2004/lib/CRABClient/Commands/SubCommand.py", line 88, in loadConfig
    raise ConfigurationException(configmsg)
ConfigurationException: Error while loading CRAB configuration:
name 'Data' is not defined
Please refer to https://twiki.cern.ch/twiki/bin/view/CMSPublic/CRAB3CommonErrors#Syntax_error_in_CRAB_configurati
See the ./crab.log file for more details.
The documentation about the CRAB configuration file can be found in https://twiki.cern.ch/twiki/bin/view/CMSPublic/CRAB3ConfigurationFile
DEBUG 2020-05-11 12:02:39.799 UTC: 	 Running on: Linux ui02.recas.ba.infn.it 3.10.0-862.14.4.el7.x86_64 #1 SMP Wed Sep 26 15:12:11 UTC 2018 x86_64 x86_64 x86_64 GNU/Linux - CentOS Linux 7 (Core)
DEBUG 2020-05-11 12:02:39.812 UTC: 	 OpenSSl version: OpenSSL 1.0.2k-fips  26 Jan 2017 (Library: OpenSSL 1.0.2d-fips 9 Jul 2015)
DEBUG 2020-05-11 12:02:39.812 UTC: 	 Executing command: 'status'
DEBUG 2020-05-11 12:02:39.812 UTC: 	 Found CRAB cache file /lustre/home/venditti/.crab3
ERROR 2020-05-11 12:02:39.815 UTC: 	 Cannot find .requestcache file in CRAB project directory /lustrehome/venditti/Tau3Mu_MiniAOD/CMSSW_10_2_1/src/CrabSubmission/Data/BParking_RunA_Mini/crab_projects/crab_SkimTau3Mu_BParking_Run2018A_BPH4_Mini_v5
ERROR 2020-05-11 12:02:39.815 UTC: 	 Caught ClientException exception
Traceback (most recent call last):
  File "/cvmfs/cms.cern.ch/share/cms/crab-prod/3.3.2004/bin/crab", line 165, in <module>
    client()
  File "/cvmfs/cms.cern.ch/share/cms/crab-prod/3.3.2004/bin/crab", line 150, in __call__
    self.cmd = sub_cmd(self.logger, args[1:])
  File "/cvmfs/cms.cern.ch/share/cms/crab-prod/3.3.2004/lib/CRABClient/Commands/status.py", line 41, in __init__
    SubCommand.__init__(self, logger, cmdargs)
  File "/cvmfs/cms.cern.ch/share/cms/crab-prod/3.3.2004/lib/CRABClient/Commands/SubCommand.py", line 277, in __init__
    SubCommand.validateOptions(self)
  File "/cvmfs/cms.cern.ch/share/cms/crab-prod/3.3.2004/lib/CRABClient/Commands/SubCommand.py", line 603, in validateOptions
    self.loadLocalCache()
  File "/cvmfs/cms.cern.ch/share/cms/crab-prod/3.3.2004/lib/CRABClient/Commands/SubCommand.py", line 465, in loadLocalCache
    raise ex
CachefileNotFoundException: Cannot find .requestcache file in CRAB project directory /lustrehome/venditti/Tau3Mu_MiniAOD/CMSSW_10_2_1/src/CrabSubmission/Data/BParking_RunA_Mini/crab_projects/crab_SkimTau3Mu_BParking_Run2018A_BPH4_Mini_v5
DEBUG 2020-05-12 07:37:20.408 UTC: 	 Running on: Linux ui03.recas.ba.infn.it 3.10.0-862.14.4.el7.x86_64 #1 SMP Wed Sep 26 15:12:11 UTC 2018 x86_64 x86_64 x86_64 GNU/Linux - CentOS Linux 7 (Core)
DEBUG 2020-05-12 07:37:20.419 UTC: 	 OpenSSl version: OpenSSL 1.0.2k-fips  26 Jan 2017 (Library: OpenSSL 1.0.2d-fips 9 Jul 2015)
DEBUG 2020-05-12 07:37:20.419 UTC: 	 Executing command: 'status'
DEBUG 2020-05-12 07:37:20.420 UTC: 	 Found CRAB cache file /lustre/home/venditti/.crab3
ERROR 2020-05-12 07:37:20.421 UTC: 	 Cannot find .requestcache file in CRAB project directory /lustrehome/venditti/Tau3Mu_MiniAOD/CMSSW_10_2_1/src/CrabSubmission/Data/BParking_RunA_Mini/crab_projects/crab_SkimTau3Mu_BParking_Run2018A_BPH4_Mini_v5
ERROR 2020-05-12 07:37:20.421 UTC: 	 Caught ClientException exception
Traceback (most recent call last):
  File "/cvmfs/cms.cern.ch/share/cms/crab-prod/3.3.2004/bin/crab", line 165, in <module>
    client()
  File "/cvmfs/cms.cern.ch/share/cms/crab-prod/3.3.2004/bin/crab", line 150, in __call__
    self.cmd = sub_cmd(self.logger, args[1:])
  File "/cvmfs/cms.cern.ch/share/cms/crab-prod/3.3.2004/lib/CRABClient/Commands/status.py", line 41, in __init__
    SubCommand.__init__(self, logger, cmdargs)
  File "/cvmfs/cms.cern.ch/share/cms/crab-prod/3.3.2004/lib/CRABClient/Commands/SubCommand.py", line 277, in __init__
    SubCommand.validateOptions(self)
  File "/cvmfs/cms.cern.ch/share/cms/crab-prod/3.3.2004/lib/CRABClient/Commands/SubCommand.py", line 603, in validateOptions
    self.loadLocalCache()
  File "/cvmfs/cms.cern.ch/share/cms/crab-prod/3.3.2004/lib/CRABClient/Commands/SubCommand.py", line 465, in loadLocalCache
    raise ex
CachefileNotFoundException: Cannot find .requestcache file in CRAB project directory /lustrehome/venditti/Tau3Mu_MiniAOD/CMSSW_10_2_1/src/CrabSubmission/Data/BParking_RunA_Mini/crab_projects/crab_SkimTau3Mu_BParking_Run2018A_BPH4_Mini_v5
DEBUG 2020-05-12 07:37:37.524 UTC: 	 Running on: Linux ui03.recas.ba.infn.it 3.10.0-862.14.4.el7.x86_64 #1 SMP Wed Sep 26 15:12:11 UTC 2018 x86_64 x86_64 x86_64 GNU/Linux - CentOS Linux 7 (Core)
DEBUG 2020-05-12 07:37:37.535 UTC: 	 OpenSSl version: OpenSSL 1.0.2k-fips  26 Jan 2017 (Library: OpenSSL 1.0.2d-fips 9 Jul 2015)
DEBUG 2020-05-12 07:37:37.536 UTC: 	 Executing command: 'status'
DEBUG 2020-05-12 07:37:37.536 UTC: 	 Found CRAB cache file /lustre/home/venditti/.crab3
ERROR 2020-05-12 07:37:37.537 UTC: 	 Error: crab_projects/crab_SkimTau3Mu_BParking_Run20186_BPH5_Mini_v5/ is not a valid CRAB project directory.
ERROR 2020-05-12 07:37:37.537 UTC: 	 Caught ClientException exception
Traceback (most recent call last):
  File "/cvmfs/cms.cern.ch/share/cms/crab-prod/3.3.2004/bin/crab", line 165, in <module>
    client()
  File "/cvmfs/cms.cern.ch/share/cms/crab-prod/3.3.2004/bin/crab", line 150, in __call__
    self.cmd = sub_cmd(self.logger, args[1:])
  File "/cvmfs/cms.cern.ch/share/cms/crab-prod/3.3.2004/lib/CRABClient/Commands/status.py", line 41, in __init__
    SubCommand.__init__(self, logger, cmdargs)
  File "/cvmfs/cms.cern.ch/share/cms/crab-prod/3.3.2004/lib/CRABClient/Commands/SubCommand.py", line 277, in __init__
    SubCommand.validateOptions(self)
  File "/cvmfs/cms.cern.ch/share/cms/crab-prod/3.3.2004/lib/CRABClient/Commands/SubCommand.py", line 599, in validateOptions
    raise ConfigurationException(msg)
ConfigurationException: [91mError[0m: crab_projects/crab_SkimTau3Mu_BParking_Run20186_BPH5_Mini_v5/ is not a valid CRAB project directory.
